---
0xcb37f4304de8d1ca2df2474c6e3a00ab3e720462:0x0 *
0xcb37f4304de8d1ca2df2474c6e3a00ab3e720462:0x2 *
0xcb37f4304de8d1ca2df2474c6e3a00ab3e720462:0x4 *
0xcb37f4304de8d1ca2df2474c6e3a00ab3e720462:0x5 *
0xcb37f4304de8d1ca2df2474c6e3a00ab3e720462:0x6 *
0xcb37f4304de8d1ca2df2474c6e3a00ab3e720462:0x7 *
0xcb37f4304de8d1ca2df2474c6e3a00ab3e720462:0x8 *
0xcb37f4304de8d1ca2df2474c6e3a00ab3e720462:0xb *
0xcb37f4304de8d1ca2df2474c6e3a00ab3e720462:0x10 *
0xcb37f4304de8d1ca2df2474c6e3a00ab3e720462:0x11 *
0xcb37f4304de8d1ca2df2474c6e3a00ab3e720462:0x12 *
0xcb37f4304de8d1ca2df2474c6e3a00ab3e720462:0x15 *
0xcb37f4304de8d1ca2df2474c6e3a00ab3e720462:0x16 *
0xcb37f4304de8d1ca2df2474c6e3a00ab3e720462:0x19 *
0xcb37f4304de8d1ca2df2474c6e3a00ab3e720462:0x1b *
0xcb37f4304de8d1ca2df2474c6e3a00ab3e720462:0x1c *
0xcb37f4304de8d1ca2df2474c6e3a00ab3e720462:0x1e *
---
0xcb37f4304de8d1ca2df2474c6e3a00ab3e720462:0x0 
0xcb37f4304de8d1ca2df2474c6e3a00ab3e720462:0x2 
0xcb37f4304de8d1ca2df2474c6e3a00ab3e720462:0x4 
0xcb37f4304de8d1ca2df2474c6e3a00ab3e720462:0x5 
0xcb37f4304de8d1ca2df2474c6e3a00ab3e720462:0x6 
0xcb37f4304de8d1ca2df2474c6e3a00ab3e720462:0x7 
0xcb37f4304de8d1ca2df2474c6e3a00ab3e720462:0x8 
0xcb37f4304de8d1ca2df2474c6e3a00ab3e720462:0xb 
0xcb37f4304de8d1ca2df2474c6e3a00ab3e720462:0x10 
0xcb37f4304de8d1ca2df2474c6e3a00ab3e720462:0x11 
0xcb37f4304de8d1ca2df2474c6e3a00ab3e720462:0x12 
0xcb37f4304de8d1ca2df2474c6e3a00ab3e720462:0x14 
0xcb37f4304de8d1ca2df2474c6e3a00ab3e720462:0x15 
0xcb37f4304de8d1ca2df2474c6e3a00ab3e720462:0x16 
0xcb37f4304de8d1ca2df2474c6e3a00ab3e720462:0x19 
0xcb37f4304de8d1ca2df2474c6e3a00ab3e720462:0x1a 
0xcb37f4304de8d1ca2df2474c6e3a00ab3e720462:0x1c 
0xcb37f4304de8d1ca2df2474c6e3a00ab3e720462:0x1d 
0xcb37f4304de8d1ca2df2474c6e3a00ab3e720462:0x1f 
0xcb37f4304de8d1ca2df2474c6e3a00ab3e720462:0x20 
0xcb37f4304de8d1ca2df2474c6e3a00ab3e720462:0x21 
0xcb37f4304de8d1ca2df2474c6e3a00ab3e720462:0x26 
0xcb37f4304de8d1ca2df2474c6e3a00ab3e720462:0x27 
0xcb37f4304de8d1ca2df2474c6e3a00ab3e720462:0x2a 
0xcb37f4304de8d1ca2df2474c6e3a00ab3e720462:0x2b 
0xcb37f4304de8d1ca2df2474c6e3a00ab3e720462:0x2c 
0xcb37f4304de8d1ca2df2474c6e3a00ab3e720462:0x31 
0xcb37f4304de8d1ca2df2474c6e3a00ab3e720462:0x32 
0xcb37f4304de8d1ca2df2474c6e3a00ab3e720462:0x35 
0xcb37f4304de8d1ca2df2474c6e3a00ab3e720462:0x36 
0xcb37f4304de8d1ca2df2474c6e3a00ab3e720462:0x37 
0xcb37f4304de8d1ca2df2474c6e3a00ab3e720462:0x3c 
0xcb37f4304de8d1ca2df2474c6e3a00ab3e720462:0x3d 
0xcb37f4304de8d1ca2df2474c6e3a00ab3e720462:0x40 
0xcb37f4304de8d1ca2df2474c6e3a00ab3e720462:0x41 
0xcb37f4304de8d1ca2df2474c6e3a00ab3e720462:0x42 
0xcb37f4304de8d1ca2df2474c6e3a00ab3e720462:0x47 
0xcb37f4304de8d1ca2df2474c6e3a00ab3e720462:0x48 
0xcb37f4304de8d1ca2df2474c6e3a00ab3e720462:0x4b 
0xcb37f4304de8d1ca2df2474c6e3a00ab3e720462:0xd8 
0xcb37f4304de8d1ca2df2474c6e3a00ab3e720462:0xd9 
0xcb37f4304de8d1ca2df2474c6e3a00ab3e720462:0xdc 
0xcb37f4304de8d1ca2df2474c6e3a00ab3e720462:0xde 
0xcb37f4304de8d1ca2df2474c6e3a00ab3e720462:0xdf 
0xcb37f4304de8d1ca2df2474c6e3a00ab3e720462:0xe0 
0xcb37f4304de8d1ca2df2474c6e3a00ab3e720462:0xe1 
0xcb37f4304de8d1ca2df2474c6e3a00ab3e720462:0xe2 
0xcb37f4304de8d1ca2df2474c6e3a00ab3e720462:0xe3 
0xcb37f4304de8d1ca2df2474c6e3a00ab3e720462:0xe4 
0xcb37f4304de8d1ca2df2474c6e3a00ab3e720462:0xe7 
0xcb37f4304de8d1ca2df2474c6e3a00ab3e720462:0xe8 
0xcb37f4304de8d1ca2df2474c6e3a00ab3e720462:0xe9 
0xcb37f4304de8d1ca2df2474c6e3a00ab3e720462:0xec 
0xcb37f4304de8d1ca2df2474c6e3a00ab3e720462:0x14bc 
0xcb37f4304de8d1ca2df2474c6e3a00ab3e720462:0x14bd 
0xcb37f4304de8d1ca2df2474c6e3a00ab3e720462:0x14bf 
0xcb37f4304de8d1ca2df2474c6e3a00ab3e720462:0x14c1 
0xcb37f4304de8d1ca2df2474c6e3a00ab3e720462:0x14c2 
0xcb37f4304de8d1ca2df2474c6e3a00ab3e720462:0x14c3 
0xcb37f4304de8d1ca2df2474c6e3a00ab3e720462:0x14c4 
0xcb37f4304de8d1ca2df2474c6e3a00ab3e720462:0x14c5 
0xcb37f4304de8d1ca2df2474c6e3a00ab3e720462:0x14c6 
0xcb37f4304de8d1ca2df2474c6e3a00ab3e720462:0x14c9 
0xcb37f4304de8d1ca2df2474c6e3a00ab3e720462:0x14d2 
0xcb37f4304de8d1ca2df2474c6e3a00ab3e720462:0x14d3 
0xcb37f4304de8d1ca2df2474c6e3a00ab3e720462:0x14d5 
0xcb37f4304de8d1ca2df2474c6e3a00ab3e720462:0x14d8 
0xcb37f4304de8d1ca2df2474c6e3a00ab3e720462:0x14d9 
0xcb37f4304de8d1ca2df2474c6e3a00ab3e720462:0x14da 
0xcb37f4304de8d1ca2df2474c6e3a00ab3e720462:0x14db 
0xcb37f4304de8d1ca2df2474c6e3a00ab3e720462:0x14dc 
0xcb37f4304de8d1ca2df2474c6e3a00ab3e720462:0x14df 
0xcb37f4304de8d1ca2df2474c6e3a00ab3e720462:0x1404 
0xcb37f4304de8d1ca2df2474c6e3a00ab3e720462:0x1405 
0xcb37f4304de8d1ca2df2474c6e3a00ab3e720462:0x1407 
0xcb37f4304de8d1ca2df2474c6e3a00ab3e720462:0x1408 
0xcb37f4304de8d1ca2df2474c6e3a00ab3e720462:0x1409 
0xcb37f4304de8d1ca2df2474c6e3a00ab3e720462:0x140a 
0xcb37f4304de8d1ca2df2474c6e3a00ab3e720462:0x140b 
0xcb37f4304de8d1ca2df2474c6e3a00ab3e720462:0x140e 
0xcb37f4304de8d1ca2df2474c6e3a00ab3e720462:0x140f 
0xcb37f4304de8d1ca2df2474c6e3a00ab3e720462:0x1412 
0xcb37f4304de8d1ca2df2474c6e3a00ab3e720462:0x13ed 
0xcb37f4304de8d1ca2df2474c6e3a00ab3e720462:0x13ee 
0xcb37f4304de8d1ca2df2474c6e3a00ab3e720462:0x13f1 
0xcb37f4304de8d1ca2df2474c6e3a00ab3e720462:0x13f2 
0xcb37f4304de8d1ca2df2474c6e3a00ab3e720462:0x13f5 
0xcb37f4304de8d1ca2df2474c6e3a00ab3e720462:0x13db 
0xcb37f4304de8d1ca2df2474c6e3a00ab3e720462:0x13dc 
0xcb37f4304de8d1ca2df2474c6e3a00ab3e720462:0x13de 
0xcb37f4304de8d1ca2df2474c6e3a00ab3e720462:0x13e1 
0xcb37f4304de8d1ca2df2474c6e3a00ab3e720462:0x13e2 
0xcb37f4304de8d1ca2df2474c6e3a00ab3e720462:0x13e5 
0xcb37f4304de8d1ca2df2474c6e3a00ab3e720462:0x13bb 
0xcb37f4304de8d1ca2df2474c6e3a00ab3e720462:0x13bc 
0xcb37f4304de8d1ca2df2474c6e3a00ab3e720462:0x13be 
0xcb37f4304de8d1ca2df2474c6e3a00ab3e720462:0x13d3 
0xcb37f4304de8d1ca2df2474c6e3a00ab3e720462:0x13d4 
0xcb37f4304de8d1ca2df2474c6e3a00ab3e720462:0x13d5 
0xcb37f4304de8d1ca2df2474c6e3a00ab3e720462:0x13d6 
0xcb37f4304de8d1ca2df2474c6e3a00ab3e720462:0x13d7 
0xcb37f4304de8d1ca2df2474c6e3a00ab3e720462:0x13d8 
0xcb37f4304de8d1ca2df2474c6e3a00ab3e720462:0x13d9 
0xcb37f4304de8d1ca2df2474c6e3a00ab3e720462:0x13da 
0xcb37f4304de8d1ca2df2474c6e3a00ab3e720462:0x13e6 
0xcb37f4304de8d1ca2df2474c6e3a00ab3e720462:0x13e7 
0xcb37f4304de8d1ca2df2474c6e3a00ab3e720462:0x13e8 
0xcb37f4304de8d1ca2df2474c6e3a00ab3e720462:0x13e9 
0xcb37f4304de8d1ca2df2474c6e3a00ab3e720462:0x13ea 
0xcb37f4304de8d1ca2df2474c6e3a00ab3e720462:0x13eb 
0xcb37f4304de8d1ca2df2474c6e3a00ab3e720462:0x13ec 
0xcb37f4304de8d1ca2df2474c6e3a00ab3e720462:0x13f6 
0xcb37f4304de8d1ca2df2474c6e3a00ab3e720462:0x13f7 
0xcb37f4304de8d1ca2df2474c6e3a00ab3e720462:0x13f8 
0xcb37f4304de8d1ca2df2474c6e3a00ab3e720462:0x13f9 
0xcb37f4304de8d1ca2df2474c6e3a00ab3e720462:0x13fc 
0xcb37f4304de8d1ca2df2474c6e3a00ab3e720462:0x1401 
0xcb37f4304de8d1ca2df2474c6e3a00ab3e720462:0x1402 
0xcb37f4304de8d1ca2df2474c6e3a00ab3e720462:0x1403 
0xcb37f4304de8d1ca2df2474c6e3a00ab3e720462:0x1413 
0xcb37f4304de8d1ca2df2474c6e3a00ab3e720462:0x1414 
0xcb37f4304de8d1ca2df2474c6e3a00ab3e720462:0x1415 
0xcb37f4304de8d1ca2df2474c6e3a00ab3e720462:0x1416 
0xcb37f4304de8d1ca2df2474c6e3a00ab3e720462:0x1417 
0xcb37f4304de8d1ca2df2474c6e3a00ab3e720462:0x1418 
0xcb37f4304de8d1ca2df2474c6e3a00ab3e720462:0x14e0 
0xcb37f4304de8d1ca2df2474c6e3a00ab3e720462:0x14e1 
0xcb37f4304de8d1ca2df2474c6e3a00ab3e720462:0x14e2 
0xcb37f4304de8d1ca2df2474c6e3a00ab3e720462:0x14e3 
0xcb37f4304de8d1ca2df2474c6e3a00ab3e720462:0x14e4 
0xcb37f4304de8d1ca2df2474c6e3a00ab3e720462:0x14e5 
0xcb37f4304de8d1ca2df2474c6e3a00ab3e720462:0x14e6 
0xcb37f4304de8d1ca2df2474c6e3a00ab3e720462:0x14e7 
0xcb37f4304de8d1ca2df2474c6e3a00ab3e720462:0x14e8 
0xcb37f4304de8d1ca2df2474c6e3a00ab3e720462:0xed 
0xcb37f4304de8d1ca2df2474c6e3a00ab3e720462:0xee 
0xcb37f4304de8d1ca2df2474c6e3a00ab3e720462:0xf1 
0xcb37f4304de8d1ca2df2474c6e3a00ab3e720462:0x4eb 
0xcb37f4304de8d1ca2df2474c6e3a00ab3e720462:0x4ec 
0xcb37f4304de8d1ca2df2474c6e3a00ab3e720462:0x4ee 
0xcb37f4304de8d1ca2df2474c6e3a00ab3e720462:0x4f0 
0xcb37f4304de8d1ca2df2474c6e3a00ab3e720462:0x4f2 
0xcb37f4304de8d1ca2df2474c6e3a00ab3e720462:0x4f3 
0xcb37f4304de8d1ca2df2474c6e3a00ab3e720462:0x508 
0xcb37f4304de8d1ca2df2474c6e3a00ab3e720462:0x509 
0xcb37f4304de8d1ca2df2474c6e3a00ab3e720462:0x51e 
0xcb37f4304de8d1ca2df2474c6e3a00ab3e720462:0x51f 
0xcb37f4304de8d1ca2df2474c6e3a00ab3e720462:0x520 
0xcb37f4304de8d1ca2df2474c6e3a00ab3e720462:0x521 
0xcb37f4304de8d1ca2df2474c6e3a00ab3e720462:0x523 
0xcb37f4304de8d1ca2df2474c6e3a00ab3e720462:0x524 
0xcb37f4304de8d1ca2df2474c6e3a00ab3e720462:0x525 
0xcb37f4304de8d1ca2df2474c6e3a00ab3e720462:0x526 
0xcb37f4304de8d1ca2df2474c6e3a00ab3e720462:0x527 
0xcb37f4304de8d1ca2df2474c6e3a00ab3e720462:0x529 
0xcb37f4304de8d1ca2df2474c6e3a00ab3e720462:0x52a 
0xcb37f4304de8d1ca2df2474c6e3a00ab3e720462:0x52c 
0xcb37f4304de8d1ca2df2474c6e3a00ab3e720462:0x52d 
0xcb37f4304de8d1ca2df2474c6e3a00ab3e720462:0x52e 
0xcb37f4304de8d1ca2df2474c6e3a00ab3e720462:0x52f 
0xcb37f4304de8d1ca2df2474c6e3a00ab3e720462:0x532 
0xcb37f4304de8d1ca2df2474c6e3a00ab3e720462:0x533 
0xcb37f4304de8d1ca2df2474c6e3a00ab3e720462:0x536 
0xcb37f4304de8d1ca2df2474c6e3a00ab3e720462:0x186f 
0xcb37f4304de8d1ca2df2474c6e3a00ab3e720462:0x1870 
0xcb37f4304de8d1ca2df2474c6e3a00ab3e720462:0x1872 
0xcb37f4304de8d1ca2df2474c6e3a00ab3e720462:0x1874 
0xcb37f4304de8d1ca2df2474c6e3a00ab3e720462:0x1875 
0xcb37f4304de8d1ca2df2474c6e3a00ab3e720462:0x1876 
0xcb37f4304de8d1ca2df2474c6e3a00ab3e720462:0x1877 
0xcb37f4304de8d1ca2df2474c6e3a00ab3e720462:0x1878 
0xcb37f4304de8d1ca2df2474c6e3a00ab3e720462:0x187a 
0xcb37f4304de8d1ca2df2474c6e3a00ab3e720462:0x187b 
0xcb37f4304de8d1ca2df2474c6e3a00ab3e720462:0x187c 
0xcb37f4304de8d1ca2df2474c6e3a00ab3e720462:0x187d 
0xcb37f4304de8d1ca2df2474c6e3a00ab3e720462:0x1880 
0xcb37f4304de8d1ca2df2474c6e3a00ab3e720462:0x1881 
0xcb37f4304de8d1ca2df2474c6e3a00ab3e720462:0x1883 
0xcb37f4304de8d1ca2df2474c6e3a00ab3e720462:0x1884 
0xcb37f4304de8d1ca2df2474c6e3a00ab3e720462:0x1885 
0xcb37f4304de8d1ca2df2474c6e3a00ab3e720462:0x1886 
0xcb37f4304de8d1ca2df2474c6e3a00ab3e720462:0x1887 
0xcb37f4304de8d1ca2df2474c6e3a00ab3e720462:0x1888 
0xcb37f4304de8d1ca2df2474c6e3a00ab3e720462:0x188a 
0xcb37f4304de8d1ca2df2474c6e3a00ab3e720462:0x188b 
0xcb37f4304de8d1ca2df2474c6e3a00ab3e720462:0x188c 
0xcb37f4304de8d1ca2df2474c6e3a00ab3e720462:0x188d 
0xcb37f4304de8d1ca2df2474c6e3a00ab3e720462:0x188e 
0xcb37f4304de8d1ca2df2474c6e3a00ab3e720462:0x1891 
0xcb37f4304de8d1ca2df2474c6e3a00ab3e720462:0x189a 
0xcb37f4304de8d1ca2df2474c6e3a00ab3e720462:0x189b 
0xcb37f4304de8d1ca2df2474c6e3a00ab3e720462:0x189c 
0xcb37f4304de8d1ca2df2474c6e3a00ab3e720462:0x189d 
0xcb37f4304de8d1ca2df2474c6e3a00ab3e720462:0x189e 
0xcb37f4304de8d1ca2df2474c6e3a00ab3e720462:0x189f 
0xcb37f4304de8d1ca2df2474c6e3a00ab3e720462:0x537 
0xcb37f4304de8d1ca2df2474c6e3a00ab3e720462:0x538 
0xcb37f4304de8d1ca2df2474c6e3a00ab3e720462:0x539 
0xcb37f4304de8d1ca2df2474c6e3a00ab3e720462:0x53b 
0xcb37f4304de8d1ca2df2474c6e3a00ab3e720462:0x53c 
0xcb37f4304de8d1ca2df2474c6e3a00ab3e720462:0x53e 
0xcb37f4304de8d1ca2df2474c6e3a00ab3e720462:0x53f 
0xcb37f4304de8d1ca2df2474c6e3a00ab3e720462:0x540 
0xcb37f4304de8d1ca2df2474c6e3a00ab3e720462:0x541 
0xcb37f4304de8d1ca2df2474c6e3a00ab3e720462:0x542 
0xcb37f4304de8d1ca2df2474c6e3a00ab3e720462:0x544 
0xcb37f4304de8d1ca2df2474c6e3a00ab3e720462:0x545 
0xcb37f4304de8d1ca2df2474c6e3a00ab3e720462:0x547 
0xcb37f4304de8d1ca2df2474c6e3a00ab3e720462:0x548 
0xcb37f4304de8d1ca2df2474c6e3a00ab3e720462:0x549 
0xcb37f4304de8d1ca2df2474c6e3a00ab3e720462:0x54a 
0xcb37f4304de8d1ca2df2474c6e3a00ab3e720462:0x54b 
0xcb37f4304de8d1ca2df2474c6e3a00ab3e720462:0x54d 
0xcb37f4304de8d1ca2df2474c6e3a00ab3e720462:0x54e 
0xcb37f4304de8d1ca2df2474c6e3a00ab3e720462:0x54f 
0xcb37f4304de8d1ca2df2474c6e3a00ab3e720462:0x550 
0xcb37f4304de8d1ca2df2474c6e3a00ab3e720462:0x551 
0xcb37f4304de8d1ca2df2474c6e3a00ab3e720462:0x552 
0xcb37f4304de8d1ca2df2474c6e3a00ab3e720462:0x553 
0xcb37f4304de8d1ca2df2474c6e3a00ab3e720462:0x554 
0xcb37f4304de8d1ca2df2474c6e3a00ab3e720462:0x555 
0xcb37f4304de8d1ca2df2474c6e3a00ab3e720462:0x557 
0xcb37f4304de8d1ca2df2474c6e3a00ab3e720462:0x558 
0xcb37f4304de8d1ca2df2474c6e3a00ab3e720462:0x559 
0xcb37f4304de8d1ca2df2474c6e3a00ab3e720462:0x55a 
0xcb37f4304de8d1ca2df2474c6e3a00ab3e720462:0x55b 
0xcb37f4304de8d1ca2df2474c6e3a00ab3e720462:0x55e 
0xcb37f4304de8d1ca2df2474c6e3a00ab3e720462:0x55f 
0xcb37f4304de8d1ca2df2474c6e3a00ab3e720462:0x562 
0xcb37f4304de8d1ca2df2474c6e3a00ab3e720462:0x186f 
0xcb37f4304de8d1ca2df2474c6e3a00ab3e720462:0x1870 
0xcb37f4304de8d1ca2df2474c6e3a00ab3e720462:0x1872 
0xcb37f4304de8d1ca2df2474c6e3a00ab3e720462:0x1874 
0xcb37f4304de8d1ca2df2474c6e3a00ab3e720462:0x1875 
0xcb37f4304de8d1ca2df2474c6e3a00ab3e720462:0x1876 
0xcb37f4304de8d1ca2df2474c6e3a00ab3e720462:0x1877 
0xcb37f4304de8d1ca2df2474c6e3a00ab3e720462:0x1878 
0xcb37f4304de8d1ca2df2474c6e3a00ab3e720462:0x187a 
0xcb37f4304de8d1ca2df2474c6e3a00ab3e720462:0x187b 
0xcb37f4304de8d1ca2df2474c6e3a00ab3e720462:0x187c 
0xcb37f4304de8d1ca2df2474c6e3a00ab3e720462:0x187d 
0xcb37f4304de8d1ca2df2474c6e3a00ab3e720462:0x1880 
0xcb37f4304de8d1ca2df2474c6e3a00ab3e720462:0x1881 
0xcb37f4304de8d1ca2df2474c6e3a00ab3e720462:0x1883 
0xcb37f4304de8d1ca2df2474c6e3a00ab3e720462:0x1884 
0xcb37f4304de8d1ca2df2474c6e3a00ab3e720462:0x1885 
0xcb37f4304de8d1ca2df2474c6e3a00ab3e720462:0x1886 
0xcb37f4304de8d1ca2df2474c6e3a00ab3e720462:0x1887 
0xcb37f4304de8d1ca2df2474c6e3a00ab3e720462:0x1888 
0xcb37f4304de8d1ca2df2474c6e3a00ab3e720462:0x188a 
0xcb37f4304de8d1ca2df2474c6e3a00ab3e720462:0x188b 
0xcb37f4304de8d1ca2df2474c6e3a00ab3e720462:0x188c 
0xcb37f4304de8d1ca2df2474c6e3a00ab3e720462:0x188d 
0xcb37f4304de8d1ca2df2474c6e3a00ab3e720462:0x188e 
0xcb37f4304de8d1ca2df2474c6e3a00ab3e720462:0x1891 
0xcb37f4304de8d1ca2df2474c6e3a00ab3e720462:0x189a 
0xcb37f4304de8d1ca2df2474c6e3a00ab3e720462:0x189b 
0xcb37f4304de8d1ca2df2474c6e3a00ab3e720462:0x189c 
0xcb37f4304de8d1ca2df2474c6e3a00ab3e720462:0x189d 
0xcb37f4304de8d1ca2df2474c6e3a00ab3e720462:0x189e 
0xcb37f4304de8d1ca2df2474c6e3a00ab3e720462:0x189f 
0xcb37f4304de8d1ca2df2474c6e3a00ab3e720462:0x563 
0xcb37f4304de8d1ca2df2474c6e3a00ab3e720462:0x564 
0xcb37f4304de8d1ca2df2474c6e3a00ab3e720462:0x565 
0xcb37f4304de8d1ca2df2474c6e3a00ab3e720462:0x566 
0xcb37f4304de8d1ca2df2474c6e3a00ab3e720462:0x569 
0xcb37f4304de8d1ca2df2474c6e3a00ab3e720462:0x5b0 
0xcb37f4304de8d1ca2df2474c6e3a00ab3e720462:0x5b1 
0xcb37f4304de8d1ca2df2474c6e3a00ab3e720462:0x5b2 
0xcb37f4304de8d1ca2df2474c6e3a00ab3e720462:0x5b3 
0xcb37f4304de8d1ca2df2474c6e3a00ab3e720462:0x5b4 
0xcb37f4304de8d1ca2df2474c6e3a00ab3e720462:0x5b5 
0xcb37f4304de8d1ca2df2474c6e3a00ab3e720462:0x5b6 
0xcb37f4304de8d1ca2df2474c6e3a00ab3e720462:0x5b7 
0xcb37f4304de8d1ca2df2474c6e3a00ab3e720462:0x5b8 
0xcb37f4304de8d1ca2df2474c6e3a00ab3e720462:0x5b9 
0xcb37f4304de8d1ca2df2474c6e3a00ab3e720462:0x5ba 
0xcb37f4304de8d1ca2df2474c6e3a00ab3e720462:0x5bb 
0xcb37f4304de8d1ca2df2474c6e3a00ab3e720462:0xf2 
0xcb37f4304de8d1ca2df2474c6e3a00ab3e720462:0xf3 
0xcb37f4304de8d1ca2df2474c6e3a00ab3e720462:0xf5 
0xcb37f4304de8d1ca2df2474c6e3a00ab3e720462:0xf6 
0xcb37f4304de8d1ca2df2474c6e3a00ab3e720462:0xf9 
0xcb37f4304de8d1ca2df2474c6e3a00ab3e720462:0xfa 
0xcb37f4304de8d1ca2df2474c6e3a00ab3e720462:0xfb 
0xcb37f4304de8d1ca2df2474c6e3a00ab3e720462:0xfe 
0xcb37f4304de8d1ca2df2474c6e3a00ab3e720462:0x15b8 
0xcb37f4304de8d1ca2df2474c6e3a00ab3e720462:0x15b9 
0xcb37f4304de8d1ca2df2474c6e3a00ab3e720462:0x15bb 
0xcb37f4304de8d1ca2df2474c6e3a00ab3e720462:0x15bd 
0xcb37f4304de8d1ca2df2474c6e3a00ab3e720462:0x15be 
0xcb37f4304de8d1ca2df2474c6e3a00ab3e720462:0x15bf 
0xcb37f4304de8d1ca2df2474c6e3a00ab3e720462:0x15c0 
0xcb37f4304de8d1ca2df2474c6e3a00ab3e720462:0x15c1 
0xcb37f4304de8d1ca2df2474c6e3a00ab3e720462:0x15c2 
0xcb37f4304de8d1ca2df2474c6e3a00ab3e720462:0x15c3 
0xcb37f4304de8d1ca2df2474c6e3a00ab3e720462:0x15c4 
0xcb37f4304de8d1ca2df2474c6e3a00ab3e720462:0x15c6 
0xcb37f4304de8d1ca2df2474c6e3a00ab3e720462:0x15c7 
0xcb37f4304de8d1ca2df2474c6e3a00ab3e720462:0x15c8 
0xcb37f4304de8d1ca2df2474c6e3a00ab3e720462:0x15c9 
0xcb37f4304de8d1ca2df2474c6e3a00ab3e720462:0x15cc 
0xcb37f4304de8d1ca2df2474c6e3a00ab3e720462:0x15cd 
0xcb37f4304de8d1ca2df2474c6e3a00ab3e720462:0x15ce 
0xcb37f4304de8d1ca2df2474c6e3a00ab3e720462:0x15d1 
0xcb37f4304de8d1ca2df2474c6e3a00ab3e720462:0x157f 
0xcb37f4304de8d1ca2df2474c6e3a00ab3e720462:0x1580 
0xcb37f4304de8d1ca2df2474c6e3a00ab3e720462:0x1582 
0xcb37f4304de8d1ca2df2474c6e3a00ab3e720462:0x1585 
0xcb37f4304de8d1ca2df2474c6e3a00ab3e720462:0x1586 
0xcb37f4304de8d1ca2df2474c6e3a00ab3e720462:0x1589 
0xcb37f4304de8d1ca2df2474c6e3a00ab3e720462:0x151f 
0xcb37f4304de8d1ca2df2474c6e3a00ab3e720462:0x1520 
0xcb37f4304de8d1ca2df2474c6e3a00ab3e720462:0x1522 
0xcb37f4304de8d1ca2df2474c6e3a00ab3e720462:0x1523 
0xcb37f4304de8d1ca2df2474c6e3a00ab3e720462:0x1524 
0xcb37f4304de8d1ca2df2474c6e3a00ab3e720462:0x1525 
0xcb37f4304de8d1ca2df2474c6e3a00ab3e720462:0x1526 
0xcb37f4304de8d1ca2df2474c6e3a00ab3e720462:0x1527 
0xcb37f4304de8d1ca2df2474c6e3a00ab3e720462:0x1528 
0xcb37f4304de8d1ca2df2474c6e3a00ab3e720462:0x1529 
0xcb37f4304de8d1ca2df2474c6e3a00ab3e720462:0x158a 
0xcb37f4304de8d1ca2df2474c6e3a00ab3e720462:0x158b 
0xcb37f4304de8d1ca2df2474c6e3a00ab3e720462:0x158e 
0xcb37f4304de8d1ca2df2474c6e3a00ab3e720462:0x158f 
0xcb37f4304de8d1ca2df2474c6e3a00ab3e720462:0x1590 
0xcb37f4304de8d1ca2df2474c6e3a00ab3e720462:0x1593 
0xcb37f4304de8d1ca2df2474c6e3a00ab3e720462:0x152a 
0xcb37f4304de8d1ca2df2474c6e3a00ab3e720462:0x152b 
0xcb37f4304de8d1ca2df2474c6e3a00ab3e720462:0x152d 
0xcb37f4304de8d1ca2df2474c6e3a00ab3e720462:0x152e 
0xcb37f4304de8d1ca2df2474c6e3a00ab3e720462:0x152f 
0xcb37f4304de8d1ca2df2474c6e3a00ab3e720462:0x1530 
0xcb37f4304de8d1ca2df2474c6e3a00ab3e720462:0x1532 
0xcb37f4304de8d1ca2df2474c6e3a00ab3e720462:0x1533 
0xcb37f4304de8d1ca2df2474c6e3a00ab3e720462:0x1534 
0xcb37f4304de8d1ca2df2474c6e3a00ab3e720462:0x1535 
0xcb37f4304de8d1ca2df2474c6e3a00ab3e720462:0x1536 
0xcb37f4304de8d1ca2df2474c6e3a00ab3e720462:0x1537 
0xcb37f4304de8d1ca2df2474c6e3a00ab3e720462:0x1538 
0xcb37f4304de8d1ca2df2474c6e3a00ab3e720462:0x1539 
0xcb37f4304de8d1ca2df2474c6e3a00ab3e720462:0x153a 
0xcb37f4304de8d1ca2df2474c6e3a00ab3e720462:0x1594 
0xcb37f4304de8d1ca2df2474c6e3a00ab3e720462:0x1595 
0xcb37f4304de8d1ca2df2474c6e3a00ab3e720462:0x1596 
0xcb37f4304de8d1ca2df2474c6e3a00ab3e720462:0x1597 
0xcb37f4304de8d1ca2df2474c6e3a00ab3e720462:0x159a 
0xcb37f4304de8d1ca2df2474c6e3a00ab3e720462:0x159b 
0xcb37f4304de8d1ca2df2474c6e3a00ab3e720462:0x159c 
0xcb37f4304de8d1ca2df2474c6e3a00ab3e720462:0x159e 
0xcb37f4304de8d1ca2df2474c6e3a00ab3e720462:0x159f 
0xcb37f4304de8d1ca2df2474c6e3a00ab3e720462:0x15a0 
0xcb37f4304de8d1ca2df2474c6e3a00ab3e720462:0x15a3 
0xcb37f4304de8d1ca2df2474c6e3a00ab3e720462:0x153b 
0xcb37f4304de8d1ca2df2474c6e3a00ab3e720462:0x153c 
0xcb37f4304de8d1ca2df2474c6e3a00ab3e720462:0x153e 
0xcb37f4304de8d1ca2df2474c6e3a00ab3e720462:0x153f 
0xcb37f4304de8d1ca2df2474c6e3a00ab3e720462:0x1540 
0xcb37f4304de8d1ca2df2474c6e3a00ab3e720462:0x1541 
0xcb37f4304de8d1ca2df2474c6e3a00ab3e720462:0x1542 
0xcb37f4304de8d1ca2df2474c6e3a00ab3e720462:0x1543 
0xcb37f4304de8d1ca2df2474c6e3a00ab3e720462:0x1546 
0xcb37f4304de8d1ca2df2474c6e3a00ab3e720462:0x1559 
0xcb37f4304de8d1ca2df2474c6e3a00ab3e720462:0x155a 
0xcb37f4304de8d1ca2df2474c6e3a00ab3e720462:0x155b 
0xcb37f4304de8d1ca2df2474c6e3a00ab3e720462:0x155c 
0xcb37f4304de8d1ca2df2474c6e3a00ab3e720462:0x155d 
0xcb37f4304de8d1ca2df2474c6e3a00ab3e720462:0x155e 
0xcb37f4304de8d1ca2df2474c6e3a00ab3e720462:0x1561 
0xcb37f4304de8d1ca2df2474c6e3a00ab3e720462:0x1568 
0xcb37f4304de8d1ca2df2474c6e3a00ab3e720462:0x1569 
0xcb37f4304de8d1ca2df2474c6e3a00ab3e720462:0x156a 
0xcb37f4304de8d1ca2df2474c6e3a00ab3e720462:0x156b 
0xcb37f4304de8d1ca2df2474c6e3a00ab3e720462:0x156c 
0xcb37f4304de8d1ca2df2474c6e3a00ab3e720462:0x156d 
0xcb37f4304de8d1ca2df2474c6e3a00ab3e720462:0x15a4 
0xcb37f4304de8d1ca2df2474c6e3a00ab3e720462:0x15a5 
0xcb37f4304de8d1ca2df2474c6e3a00ab3e720462:0x15a8 
0xcb37f4304de8d1ca2df2474c6e3a00ab3e720462:0x15a9 
0xcb37f4304de8d1ca2df2474c6e3a00ab3e720462:0x15ac 
0xcb37f4304de8d1ca2df2474c6e3a00ab3e720462:0x156e 
0xcb37f4304de8d1ca2df2474c6e3a00ab3e720462:0x156f 
0xcb37f4304de8d1ca2df2474c6e3a00ab3e720462:0x1571 
0xcb37f4304de8d1ca2df2474c6e3a00ab3e720462:0x1573 
0xcb37f4304de8d1ca2df2474c6e3a00ab3e720462:0x1574 
0xcb37f4304de8d1ca2df2474c6e3a00ab3e720462:0x1576 
0xcb37f4304de8d1ca2df2474c6e3a00ab3e720462:0x1577 
0xcb37f4304de8d1ca2df2474c6e3a00ab3e720462:0x1578 
0xcb37f4304de8d1ca2df2474c6e3a00ab3e720462:0x1579 
0xcb37f4304de8d1ca2df2474c6e3a00ab3e720462:0x157a 
0xcb37f4304de8d1ca2df2474c6e3a00ab3e720462:0x157b 
0xcb37f4304de8d1ca2df2474c6e3a00ab3e720462:0x157c 
0xcb37f4304de8d1ca2df2474c6e3a00ab3e720462:0x157d 
0xcb37f4304de8d1ca2df2474c6e3a00ab3e720462:0x157e 
0xcb37f4304de8d1ca2df2474c6e3a00ab3e720462:0x15ad 
0xcb37f4304de8d1ca2df2474c6e3a00ab3e720462:0x15ae 
0xcb37f4304de8d1ca2df2474c6e3a00ab3e720462:0x15af 
0xcb37f4304de8d1ca2df2474c6e3a00ab3e720462:0x15b0 
0xcb37f4304de8d1ca2df2474c6e3a00ab3e720462:0x15b1 
0xcb37f4304de8d1ca2df2474c6e3a00ab3e720462:0x15b2 
0xcb37f4304de8d1ca2df2474c6e3a00ab3e720462:0x15b3 
0xcb37f4304de8d1ca2df2474c6e3a00ab3e720462:0x15b4 
0xcb37f4304de8d1ca2df2474c6e3a00ab3e720462:0x15b5 
0xcb37f4304de8d1ca2df2474c6e3a00ab3e720462:0x15b6 
0xcb37f4304de8d1ca2df2474c6e3a00ab3e720462:0x15b7 
0xcb37f4304de8d1ca2df2474c6e3a00ab3e720462:0x15d2 
0xcb37f4304de8d1ca2df2474c6e3a00ab3e720462:0x15d3 
0xcb37f4304de8d1ca2df2474c6e3a00ab3e720462:0x15d4 
0xcb37f4304de8d1ca2df2474c6e3a00ab3e720462:0x15d5 
0xcb37f4304de8d1ca2df2474c6e3a00ab3e720462:0x15d6 
0xcb37f4304de8d1ca2df2474c6e3a00ab3e720462:0x15d7 
0xcb37f4304de8d1ca2df2474c6e3a00ab3e720462:0x15d8 
0xcb37f4304de8d1ca2df2474c6e3a00ab3e720462:0x15d9 
0xcb37f4304de8d1ca2df2474c6e3a00ab3e720462:0xff 
0xcb37f4304de8d1ca2df2474c6e3a00ab3e720462:0x100 
0xcb37f4304de8d1ca2df2474c6e3a00ab3e720462:0x102 
0xcb37f4304de8d1ca2df2474c6e3a00ab3e720462:0x103 
0xcb37f4304de8d1ca2df2474c6e3a00ab3e720462:0x104 
0xcb37f4304de8d1ca2df2474c6e3a00ab3e720462:0x105 
0xcb37f4304de8d1ca2df2474c6e3a00ab3e720462:0x106 
0xcb37f4304de8d1ca2df2474c6e3a00ab3e720462:0x107 
