---
0xcb37f4304de8d1ca2df2474c6e3a00ab3e720462:0x0 *
0xcb37f4304de8d1ca2df2474c6e3a00ab3e720462:0x2 *
0xcb37f4304de8d1ca2df2474c6e3a00ab3e720462:0x4 *
0xcb37f4304de8d1ca2df2474c6e3a00ab3e720462:0x5 *
0xcb37f4304de8d1ca2df2474c6e3a00ab3e720462:0x6 *
0xcb37f4304de8d1ca2df2474c6e3a00ab3e720462:0x7 *
0xcb37f4304de8d1ca2df2474c6e3a00ab3e720462:0x8 *
0xcb37f4304de8d1ca2df2474c6e3a00ab3e720462:0xb *
0xcb37f4304de8d1ca2df2474c6e3a00ab3e720462:0x10 *
0xcb37f4304de8d1ca2df2474c6e3a00ab3e720462:0x11 *
0xcb37f4304de8d1ca2df2474c6e3a00ab3e720462:0x12 *
0xcb37f4304de8d1ca2df2474c6e3a00ab3e720462:0x15 *
0xcb37f4304de8d1ca2df2474c6e3a00ab3e720462:0x16 *
0xcb37f4304de8d1ca2df2474c6e3a00ab3e720462:0x19 *
0xcb37f4304de8d1ca2df2474c6e3a00ab3e720462:0x1b *
0xcb37f4304de8d1ca2df2474c6e3a00ab3e720462:0x1c *
0xcb37f4304de8d1ca2df2474c6e3a00ab3e720462:0x1e *
---
0xcb37f4304de8d1ca2df2474c6e3a00ab3e720462:0x0 
0xcb37f4304de8d1ca2df2474c6e3a00ab3e720462:0x2 
0xcb37f4304de8d1ca2df2474c6e3a00ab3e720462:0x4 
0xcb37f4304de8d1ca2df2474c6e3a00ab3e720462:0x5 
0xcb37f4304de8d1ca2df2474c6e3a00ab3e720462:0x6 
0xcb37f4304de8d1ca2df2474c6e3a00ab3e720462:0x7 
0xcb37f4304de8d1ca2df2474c6e3a00ab3e720462:0x8 
0xcb37f4304de8d1ca2df2474c6e3a00ab3e720462:0xb 
0xcb37f4304de8d1ca2df2474c6e3a00ab3e720462:0x10 
0xcb37f4304de8d1ca2df2474c6e3a00ab3e720462:0x11 
0xcb37f4304de8d1ca2df2474c6e3a00ab3e720462:0x12 
0xcb37f4304de8d1ca2df2474c6e3a00ab3e720462:0x14 
0xcb37f4304de8d1ca2df2474c6e3a00ab3e720462:0x15 
0xcb37f4304de8d1ca2df2474c6e3a00ab3e720462:0x16 
0xcb37f4304de8d1ca2df2474c6e3a00ab3e720462:0x19 
0xcb37f4304de8d1ca2df2474c6e3a00ab3e720462:0x1a 
0xcb37f4304de8d1ca2df2474c6e3a00ab3e720462:0x1c 
0xcb37f4304de8d1ca2df2474c6e3a00ab3e720462:0x1d 
0xcb37f4304de8d1ca2df2474c6e3a00ab3e720462:0x1f 
0xcb37f4304de8d1ca2df2474c6e3a00ab3e720462:0x20 
0xcb37f4304de8d1ca2df2474c6e3a00ab3e720462:0x21 
0xcb37f4304de8d1ca2df2474c6e3a00ab3e720462:0x26 
0xcb37f4304de8d1ca2df2474c6e3a00ab3e720462:0x27 
0xcb37f4304de8d1ca2df2474c6e3a00ab3e720462:0x2a 
0xcb37f4304de8d1ca2df2474c6e3a00ab3e720462:0x2b 
0xcb37f4304de8d1ca2df2474c6e3a00ab3e720462:0x2c 
0xcb37f4304de8d1ca2df2474c6e3a00ab3e720462:0x31 
0xcb37f4304de8d1ca2df2474c6e3a00ab3e720462:0x32 
0xcb37f4304de8d1ca2df2474c6e3a00ab3e720462:0x35 
0xcb37f4304de8d1ca2df2474c6e3a00ab3e720462:0x8c 
0xcb37f4304de8d1ca2df2474c6e3a00ab3e720462:0x8d 
0xcb37f4304de8d1ca2df2474c6e3a00ab3e720462:0x90 
0xcb37f4304de8d1ca2df2474c6e3a00ab3e720462:0x92 
0xcb37f4304de8d1ca2df2474c6e3a00ab3e720462:0x93 
0xcb37f4304de8d1ca2df2474c6e3a00ab3e720462:0x94 
0xcb37f4304de8d1ca2df2474c6e3a00ab3e720462:0x95 
0xcb37f4304de8d1ca2df2474c6e3a00ab3e720462:0x96 
0xcb37f4304de8d1ca2df2474c6e3a00ab3e720462:0x97 
0xcb37f4304de8d1ca2df2474c6e3a00ab3e720462:0x98 
0xcb37f4304de8d1ca2df2474c6e3a00ab3e720462:0x9b 
0xcb37f4304de8d1ca2df2474c6e3a00ab3e720462:0x9c 
0xcb37f4304de8d1ca2df2474c6e3a00ab3e720462:0x9d 
0xcb37f4304de8d1ca2df2474c6e3a00ab3e720462:0xa0 
0xcb37f4304de8d1ca2df2474c6e3a00ab3e720462:0x14bc 
0xcb37f4304de8d1ca2df2474c6e3a00ab3e720462:0x14bd 
0xcb37f4304de8d1ca2df2474c6e3a00ab3e720462:0x14bf 
0xcb37f4304de8d1ca2df2474c6e3a00ab3e720462:0x14c1 
0xcb37f4304de8d1ca2df2474c6e3a00ab3e720462:0x14c2 
0xcb37f4304de8d1ca2df2474c6e3a00ab3e720462:0x14c3 
0xcb37f4304de8d1ca2df2474c6e3a00ab3e720462:0x14c4 
0xcb37f4304de8d1ca2df2474c6e3a00ab3e720462:0x14c5 
0xcb37f4304de8d1ca2df2474c6e3a00ab3e720462:0x14c6 
0xcb37f4304de8d1ca2df2474c6e3a00ab3e720462:0x14c9 
0xcb37f4304de8d1ca2df2474c6e3a00ab3e720462:0x14d2 
0xcb37f4304de8d1ca2df2474c6e3a00ab3e720462:0x14d3 
0xcb37f4304de8d1ca2df2474c6e3a00ab3e720462:0x14d5 
0xcb37f4304de8d1ca2df2474c6e3a00ab3e720462:0x14d8 
0xcb37f4304de8d1ca2df2474c6e3a00ab3e720462:0x14d9 
0xcb37f4304de8d1ca2df2474c6e3a00ab3e720462:0x14da 
0xcb37f4304de8d1ca2df2474c6e3a00ab3e720462:0x14db 
0xcb37f4304de8d1ca2df2474c6e3a00ab3e720462:0x14dc 
0xcb37f4304de8d1ca2df2474c6e3a00ab3e720462:0x14df 
0xcb37f4304de8d1ca2df2474c6e3a00ab3e720462:0x1404 
0xcb37f4304de8d1ca2df2474c6e3a00ab3e720462:0x1405 
0xcb37f4304de8d1ca2df2474c6e3a00ab3e720462:0x1407 
0xcb37f4304de8d1ca2df2474c6e3a00ab3e720462:0x1408 
0xcb37f4304de8d1ca2df2474c6e3a00ab3e720462:0x1409 
0xcb37f4304de8d1ca2df2474c6e3a00ab3e720462:0x140a 
0xcb37f4304de8d1ca2df2474c6e3a00ab3e720462:0x140b 
0xcb37f4304de8d1ca2df2474c6e3a00ab3e720462:0x140e 
0xcb37f4304de8d1ca2df2474c6e3a00ab3e720462:0x140f 
0xcb37f4304de8d1ca2df2474c6e3a00ab3e720462:0x1412 
0xcb37f4304de8d1ca2df2474c6e3a00ab3e720462:0x13ed 
0xcb37f4304de8d1ca2df2474c6e3a00ab3e720462:0x13ee 
0xcb37f4304de8d1ca2df2474c6e3a00ab3e720462:0x13f1 
0xcb37f4304de8d1ca2df2474c6e3a00ab3e720462:0x13f2 
0xcb37f4304de8d1ca2df2474c6e3a00ab3e720462:0x13f5 
0xcb37f4304de8d1ca2df2474c6e3a00ab3e720462:0x13db 
0xcb37f4304de8d1ca2df2474c6e3a00ab3e720462:0x13dc 
0xcb37f4304de8d1ca2df2474c6e3a00ab3e720462:0x13de 
0xcb37f4304de8d1ca2df2474c6e3a00ab3e720462:0x13e1 
0xcb37f4304de8d1ca2df2474c6e3a00ab3e720462:0x13e2 
0xcb37f4304de8d1ca2df2474c6e3a00ab3e720462:0x13e5 
0xcb37f4304de8d1ca2df2474c6e3a00ab3e720462:0x13bb 
0xcb37f4304de8d1ca2df2474c6e3a00ab3e720462:0x13bc 
0xcb37f4304de8d1ca2df2474c6e3a00ab3e720462:0x13be 
0xcb37f4304de8d1ca2df2474c6e3a00ab3e720462:0x13d3 
0xcb37f4304de8d1ca2df2474c6e3a00ab3e720462:0x13d4 
0xcb37f4304de8d1ca2df2474c6e3a00ab3e720462:0x13d5 
0xcb37f4304de8d1ca2df2474c6e3a00ab3e720462:0x13d6 
0xcb37f4304de8d1ca2df2474c6e3a00ab3e720462:0x13d7 
0xcb37f4304de8d1ca2df2474c6e3a00ab3e720462:0x13d8 
0xcb37f4304de8d1ca2df2474c6e3a00ab3e720462:0x13d9 
0xcb37f4304de8d1ca2df2474c6e3a00ab3e720462:0x13da 
0xcb37f4304de8d1ca2df2474c6e3a00ab3e720462:0x13e6 
0xcb37f4304de8d1ca2df2474c6e3a00ab3e720462:0x13e7 
0xcb37f4304de8d1ca2df2474c6e3a00ab3e720462:0x13e8 
0xcb37f4304de8d1ca2df2474c6e3a00ab3e720462:0x13e9 
0xcb37f4304de8d1ca2df2474c6e3a00ab3e720462:0x13ea 
0xcb37f4304de8d1ca2df2474c6e3a00ab3e720462:0x13eb 
0xcb37f4304de8d1ca2df2474c6e3a00ab3e720462:0x13ec 
0xcb37f4304de8d1ca2df2474c6e3a00ab3e720462:0x13f6 
0xcb37f4304de8d1ca2df2474c6e3a00ab3e720462:0x13f7 
0xcb37f4304de8d1ca2df2474c6e3a00ab3e720462:0x13f8 
0xcb37f4304de8d1ca2df2474c6e3a00ab3e720462:0x13f9 
0xcb37f4304de8d1ca2df2474c6e3a00ab3e720462:0x13fc 
0xcb37f4304de8d1ca2df2474c6e3a00ab3e720462:0x1401 
0xcb37f4304de8d1ca2df2474c6e3a00ab3e720462:0x1402 
0xcb37f4304de8d1ca2df2474c6e3a00ab3e720462:0x1403 
0xcb37f4304de8d1ca2df2474c6e3a00ab3e720462:0x1413 
0xcb37f4304de8d1ca2df2474c6e3a00ab3e720462:0x1414 
0xcb37f4304de8d1ca2df2474c6e3a00ab3e720462:0x1415 
0xcb37f4304de8d1ca2df2474c6e3a00ab3e720462:0x1416 
0xcb37f4304de8d1ca2df2474c6e3a00ab3e720462:0x1417 
0xcb37f4304de8d1ca2df2474c6e3a00ab3e720462:0x1418 
0xcb37f4304de8d1ca2df2474c6e3a00ab3e720462:0x14e0 
0xcb37f4304de8d1ca2df2474c6e3a00ab3e720462:0x14e1 
0xcb37f4304de8d1ca2df2474c6e3a00ab3e720462:0x14e2 
0xcb37f4304de8d1ca2df2474c6e3a00ab3e720462:0x14e3 
0xcb37f4304de8d1ca2df2474c6e3a00ab3e720462:0x14e4 
0xcb37f4304de8d1ca2df2474c6e3a00ab3e720462:0x14e5 
0xcb37f4304de8d1ca2df2474c6e3a00ab3e720462:0x14e6 
0xcb37f4304de8d1ca2df2474c6e3a00ab3e720462:0x14e7 
0xcb37f4304de8d1ca2df2474c6e3a00ab3e720462:0x14e8 
0xcb37f4304de8d1ca2df2474c6e3a00ab3e720462:0xa1 
0xcb37f4304de8d1ca2df2474c6e3a00ab3e720462:0xa2 
0xcb37f4304de8d1ca2df2474c6e3a00ab3e720462:0xa5 
0xcb37f4304de8d1ca2df2474c6e3a00ab3e720462:0x1b5 
0xcb37f4304de8d1ca2df2474c6e3a00ab3e720462:0x1b6 
0xcb37f4304de8d1ca2df2474c6e3a00ab3e720462:0x1b8 
0xcb37f4304de8d1ca2df2474c6e3a00ab3e720462:0x1b9 
0xcb37f4304de8d1ca2df2474c6e3a00ab3e720462:0x1ba 
0xcb37f4304de8d1ca2df2474c6e3a00ab3e720462:0x1bc 
0xcb37f4304de8d1ca2df2474c6e3a00ab3e720462:0x1be 
0xcb37f4304de8d1ca2df2474c6e3a00ab3e720462:0x1bf 
0xcb37f4304de8d1ca2df2474c6e3a00ab3e720462:0x1d4 
0xcb37f4304de8d1ca2df2474c6e3a00ab3e720462:0x1d5 
0xcb37f4304de8d1ca2df2474c6e3a00ab3e720462:0x1ea 
0xcb37f4304de8d1ca2df2474c6e3a00ab3e720462:0x1eb 
0xcb37f4304de8d1ca2df2474c6e3a00ab3e720462:0x1ec 
0xcb37f4304de8d1ca2df2474c6e3a00ab3e720462:0x1ed 
0xcb37f4304de8d1ca2df2474c6e3a00ab3e720462:0x1ef 
0xcb37f4304de8d1ca2df2474c6e3a00ab3e720462:0x1f0 
0xcb37f4304de8d1ca2df2474c6e3a00ab3e720462:0x1f1 
0xcb37f4304de8d1ca2df2474c6e3a00ab3e720462:0x1f2 
0xcb37f4304de8d1ca2df2474c6e3a00ab3e720462:0x1f3 
0xcb37f4304de8d1ca2df2474c6e3a00ab3e720462:0x1f5 
0xcb37f4304de8d1ca2df2474c6e3a00ab3e720462:0x1f6 
0xcb37f4304de8d1ca2df2474c6e3a00ab3e720462:0x1f8 
0xcb37f4304de8d1ca2df2474c6e3a00ab3e720462:0x1f9 
0xcb37f4304de8d1ca2df2474c6e3a00ab3e720462:0x1fb 
0xcb37f4304de8d1ca2df2474c6e3a00ab3e720462:0x1fc 
0xcb37f4304de8d1ca2df2474c6e3a00ab3e720462:0x1fd 
0xcb37f4304de8d1ca2df2474c6e3a00ab3e720462:0x1fe 
0xcb37f4304de8d1ca2df2474c6e3a00ab3e720462:0x201 
0xcb37f4304de8d1ca2df2474c6e3a00ab3e720462:0x202 
0xcb37f4304de8d1ca2df2474c6e3a00ab3e720462:0x203 
0xcb37f4304de8d1ca2df2474c6e3a00ab3e720462:0x204 
0xcb37f4304de8d1ca2df2474c6e3a00ab3e720462:0x206 
0xcb37f4304de8d1ca2df2474c6e3a00ab3e720462:0x207 
0xcb37f4304de8d1ca2df2474c6e3a00ab3e720462:0x208 
0xcb37f4304de8d1ca2df2474c6e3a00ab3e720462:0x209 
0xcb37f4304de8d1ca2df2474c6e3a00ab3e720462:0x20a 
0xcb37f4304de8d1ca2df2474c6e3a00ab3e720462:0x20d 
0xcb37f4304de8d1ca2df2474c6e3a00ab3e720462:0x20e 
0xcb37f4304de8d1ca2df2474c6e3a00ab3e720462:0x210 
0xcb37f4304de8d1ca2df2474c6e3a00ab3e720462:0x213 
0xcb37f4304de8d1ca2df2474c6e3a00ab3e720462:0x214 
0xcb37f4304de8d1ca2df2474c6e3a00ab3e720462:0x217 
0xcb37f4304de8d1ca2df2474c6e3a00ab3e720462:0x4eb 
0xcb37f4304de8d1ca2df2474c6e3a00ab3e720462:0x4ec 
0xcb37f4304de8d1ca2df2474c6e3a00ab3e720462:0x4ee 
0xcb37f4304de8d1ca2df2474c6e3a00ab3e720462:0x4f0 
0xcb37f4304de8d1ca2df2474c6e3a00ab3e720462:0x4f2 
0xcb37f4304de8d1ca2df2474c6e3a00ab3e720462:0x4f3 
0xcb37f4304de8d1ca2df2474c6e3a00ab3e720462:0x508 
0xcb37f4304de8d1ca2df2474c6e3a00ab3e720462:0x509 
0xcb37f4304de8d1ca2df2474c6e3a00ab3e720462:0x51e 
0xcb37f4304de8d1ca2df2474c6e3a00ab3e720462:0x51f 
0xcb37f4304de8d1ca2df2474c6e3a00ab3e720462:0x520 
0xcb37f4304de8d1ca2df2474c6e3a00ab3e720462:0x521 
0xcb37f4304de8d1ca2df2474c6e3a00ab3e720462:0x523 
0xcb37f4304de8d1ca2df2474c6e3a00ab3e720462:0x524 
0xcb37f4304de8d1ca2df2474c6e3a00ab3e720462:0x525 
0xcb37f4304de8d1ca2df2474c6e3a00ab3e720462:0x526 
0xcb37f4304de8d1ca2df2474c6e3a00ab3e720462:0x527 
0xcb37f4304de8d1ca2df2474c6e3a00ab3e720462:0x529 
0xcb37f4304de8d1ca2df2474c6e3a00ab3e720462:0x52a 
0xcb37f4304de8d1ca2df2474c6e3a00ab3e720462:0x52c 
0xcb37f4304de8d1ca2df2474c6e3a00ab3e720462:0x52d 
0xcb37f4304de8d1ca2df2474c6e3a00ab3e720462:0x52e 
0xcb37f4304de8d1ca2df2474c6e3a00ab3e720462:0x52f 
0xcb37f4304de8d1ca2df2474c6e3a00ab3e720462:0x532 
0xcb37f4304de8d1ca2df2474c6e3a00ab3e720462:0x533 
0xcb37f4304de8d1ca2df2474c6e3a00ab3e720462:0x536 
0xcb37f4304de8d1ca2df2474c6e3a00ab3e720462:0x186f 
0xcb37f4304de8d1ca2df2474c6e3a00ab3e720462:0x1870 
0xcb37f4304de8d1ca2df2474c6e3a00ab3e720462:0x1872 
0xcb37f4304de8d1ca2df2474c6e3a00ab3e720462:0x1874 
0xcb37f4304de8d1ca2df2474c6e3a00ab3e720462:0x1875 
0xcb37f4304de8d1ca2df2474c6e3a00ab3e720462:0x1876 
0xcb37f4304de8d1ca2df2474c6e3a00ab3e720462:0x1877 
0xcb37f4304de8d1ca2df2474c6e3a00ab3e720462:0x1878 
0xcb37f4304de8d1ca2df2474c6e3a00ab3e720462:0x187a 
0xcb37f4304de8d1ca2df2474c6e3a00ab3e720462:0x187b 
0xcb37f4304de8d1ca2df2474c6e3a00ab3e720462:0x187c 
0xcb37f4304de8d1ca2df2474c6e3a00ab3e720462:0x187d 
0xcb37f4304de8d1ca2df2474c6e3a00ab3e720462:0x1880 
0xcb37f4304de8d1ca2df2474c6e3a00ab3e720462:0x1881 
0xcb37f4304de8d1ca2df2474c6e3a00ab3e720462:0x1883 
0xcb37f4304de8d1ca2df2474c6e3a00ab3e720462:0x1884 
0xcb37f4304de8d1ca2df2474c6e3a00ab3e720462:0x1885 
0xcb37f4304de8d1ca2df2474c6e3a00ab3e720462:0x1886 
0xcb37f4304de8d1ca2df2474c6e3a00ab3e720462:0x1887 
0xcb37f4304de8d1ca2df2474c6e3a00ab3e720462:0x1888 
0xcb37f4304de8d1ca2df2474c6e3a00ab3e720462:0x188a 
0xcb37f4304de8d1ca2df2474c6e3a00ab3e720462:0x188b 
0xcb37f4304de8d1ca2df2474c6e3a00ab3e720462:0x188c 
0xcb37f4304de8d1ca2df2474c6e3a00ab3e720462:0x188d 
0xcb37f4304de8d1ca2df2474c6e3a00ab3e720462:0x188e 
0xcb37f4304de8d1ca2df2474c6e3a00ab3e720462:0x1891 
0xcb37f4304de8d1ca2df2474c6e3a00ab3e720462:0x189a 
0xcb37f4304de8d1ca2df2474c6e3a00ab3e720462:0x189b 
0xcb37f4304de8d1ca2df2474c6e3a00ab3e720462:0x189c 
0xcb37f4304de8d1ca2df2474c6e3a00ab3e720462:0x189d 
0xcb37f4304de8d1ca2df2474c6e3a00ab3e720462:0x189e 
0xcb37f4304de8d1ca2df2474c6e3a00ab3e720462:0x189f 
0xcb37f4304de8d1ca2df2474c6e3a00ab3e720462:0x537 
0xcb37f4304de8d1ca2df2474c6e3a00ab3e720462:0x538 
0xcb37f4304de8d1ca2df2474c6e3a00ab3e720462:0x539 
0xcb37f4304de8d1ca2df2474c6e3a00ab3e720462:0x53b 
0xcb37f4304de8d1ca2df2474c6e3a00ab3e720462:0x53c 
0xcb37f4304de8d1ca2df2474c6e3a00ab3e720462:0x53e 
0xcb37f4304de8d1ca2df2474c6e3a00ab3e720462:0x53f 
0xcb37f4304de8d1ca2df2474c6e3a00ab3e720462:0x540 
0xcb37f4304de8d1ca2df2474c6e3a00ab3e720462:0x541 
0xcb37f4304de8d1ca2df2474c6e3a00ab3e720462:0x542 
0xcb37f4304de8d1ca2df2474c6e3a00ab3e720462:0x544 
0xcb37f4304de8d1ca2df2474c6e3a00ab3e720462:0x545 
0xcb37f4304de8d1ca2df2474c6e3a00ab3e720462:0x547 
0xcb37f4304de8d1ca2df2474c6e3a00ab3e720462:0x548 
0xcb37f4304de8d1ca2df2474c6e3a00ab3e720462:0x549 
0xcb37f4304de8d1ca2df2474c6e3a00ab3e720462:0x54a 
0xcb37f4304de8d1ca2df2474c6e3a00ab3e720462:0x54b 
0xcb37f4304de8d1ca2df2474c6e3a00ab3e720462:0x54d 
0xcb37f4304de8d1ca2df2474c6e3a00ab3e720462:0x54e 
0xcb37f4304de8d1ca2df2474c6e3a00ab3e720462:0x54f 
0xcb37f4304de8d1ca2df2474c6e3a00ab3e720462:0x550 
0xcb37f4304de8d1ca2df2474c6e3a00ab3e720462:0x551 
0xcb37f4304de8d1ca2df2474c6e3a00ab3e720462:0x552 
0xcb37f4304de8d1ca2df2474c6e3a00ab3e720462:0x553 
0xcb37f4304de8d1ca2df2474c6e3a00ab3e720462:0x554 
0xcb37f4304de8d1ca2df2474c6e3a00ab3e720462:0x555 
0xcb37f4304de8d1ca2df2474c6e3a00ab3e720462:0x557 
0xcb37f4304de8d1ca2df2474c6e3a00ab3e720462:0x558 
0xcb37f4304de8d1ca2df2474c6e3a00ab3e720462:0x559 
0xcb37f4304de8d1ca2df2474c6e3a00ab3e720462:0x55a 
0xcb37f4304de8d1ca2df2474c6e3a00ab3e720462:0x55b 
0xcb37f4304de8d1ca2df2474c6e3a00ab3e720462:0x55e 
0xcb37f4304de8d1ca2df2474c6e3a00ab3e720462:0x55f 
0xcb37f4304de8d1ca2df2474c6e3a00ab3e720462:0x562 
0xcb37f4304de8d1ca2df2474c6e3a00ab3e720462:0x186f 
0xcb37f4304de8d1ca2df2474c6e3a00ab3e720462:0x1870 
0xcb37f4304de8d1ca2df2474c6e3a00ab3e720462:0x1872 
0xcb37f4304de8d1ca2df2474c6e3a00ab3e720462:0x1874 
0xcb37f4304de8d1ca2df2474c6e3a00ab3e720462:0x1875 
0xcb37f4304de8d1ca2df2474c6e3a00ab3e720462:0x1876 
0xcb37f4304de8d1ca2df2474c6e3a00ab3e720462:0x1877 
0xcb37f4304de8d1ca2df2474c6e3a00ab3e720462:0x1878 
0xcb37f4304de8d1ca2df2474c6e3a00ab3e720462:0x187a 
0xcb37f4304de8d1ca2df2474c6e3a00ab3e720462:0x187b 
0xcb37f4304de8d1ca2df2474c6e3a00ab3e720462:0x187c 
0xcb37f4304de8d1ca2df2474c6e3a00ab3e720462:0x187d 
0xcb37f4304de8d1ca2df2474c6e3a00ab3e720462:0x1880 
0xcb37f4304de8d1ca2df2474c6e3a00ab3e720462:0x1881 
0xcb37f4304de8d1ca2df2474c6e3a00ab3e720462:0x1883 
0xcb37f4304de8d1ca2df2474c6e3a00ab3e720462:0x1884 
0xcb37f4304de8d1ca2df2474c6e3a00ab3e720462:0x1885 
0xcb37f4304de8d1ca2df2474c6e3a00ab3e720462:0x1886 
0xcb37f4304de8d1ca2df2474c6e3a00ab3e720462:0x1887 
0xcb37f4304de8d1ca2df2474c6e3a00ab3e720462:0x1888 
0xcb37f4304de8d1ca2df2474c6e3a00ab3e720462:0x188a 
0xcb37f4304de8d1ca2df2474c6e3a00ab3e720462:0x188b 
0xcb37f4304de8d1ca2df2474c6e3a00ab3e720462:0x188c 
0xcb37f4304de8d1ca2df2474c6e3a00ab3e720462:0x188d 
0xcb37f4304de8d1ca2df2474c6e3a00ab3e720462:0x188e 
0xcb37f4304de8d1ca2df2474c6e3a00ab3e720462:0x1891 
0xcb37f4304de8d1ca2df2474c6e3a00ab3e720462:0x189a 
0xcb37f4304de8d1ca2df2474c6e3a00ab3e720462:0x189b 
0xcb37f4304de8d1ca2df2474c6e3a00ab3e720462:0x189c 
0xcb37f4304de8d1ca2df2474c6e3a00ab3e720462:0x189d 
0xcb37f4304de8d1ca2df2474c6e3a00ab3e720462:0x189e 
0xcb37f4304de8d1ca2df2474c6e3a00ab3e720462:0x189f 
0xcb37f4304de8d1ca2df2474c6e3a00ab3e720462:0x563 
0xcb37f4304de8d1ca2df2474c6e3a00ab3e720462:0x564 
0xcb37f4304de8d1ca2df2474c6e3a00ab3e720462:0x565 
0xcb37f4304de8d1ca2df2474c6e3a00ab3e720462:0x566 
0xcb37f4304de8d1ca2df2474c6e3a00ab3e720462:0x569 
0xcb37f4304de8d1ca2df2474c6e3a00ab3e720462:0x5b0 
0xcb37f4304de8d1ca2df2474c6e3a00ab3e720462:0x5b1 
0xcb37f4304de8d1ca2df2474c6e3a00ab3e720462:0x5b2 
0xcb37f4304de8d1ca2df2474c6e3a00ab3e720462:0x5b3 
0xcb37f4304de8d1ca2df2474c6e3a00ab3e720462:0x5b4 
0xcb37f4304de8d1ca2df2474c6e3a00ab3e720462:0x5b5 
0xcb37f4304de8d1ca2df2474c6e3a00ab3e720462:0x5b6 
0xcb37f4304de8d1ca2df2474c6e3a00ab3e720462:0x5b7 
0xcb37f4304de8d1ca2df2474c6e3a00ab3e720462:0x5b8 
0xcb37f4304de8d1ca2df2474c6e3a00ab3e720462:0x5b9 
0xcb37f4304de8d1ca2df2474c6e3a00ab3e720462:0x5ba 
0xcb37f4304de8d1ca2df2474c6e3a00ab3e720462:0x5bb 
0xcb37f4304de8d1ca2df2474c6e3a00ab3e720462:0x218 
0xcb37f4304de8d1ca2df2474c6e3a00ab3e720462:0x219 
0xcb37f4304de8d1ca2df2474c6e3a00ab3e720462:0x21a 
0xcb37f4304de8d1ca2df2474c6e3a00ab3e720462:0x21b 
0xcb37f4304de8d1ca2df2474c6e3a00ab3e720462:0x21e 
0xcb37f4304de8d1ca2df2474c6e3a00ab3e720462:0x21f 
0xcb37f4304de8d1ca2df2474c6e3a00ab3e720462:0x221 
0xcb37f4304de8d1ca2df2474c6e3a00ab3e720462:0x222 
0xcb37f4304de8d1ca2df2474c6e3a00ab3e720462:0x223 
0xcb37f4304de8d1ca2df2474c6e3a00ab3e720462:0x225 
0xcb37f4304de8d1ca2df2474c6e3a00ab3e720462:0x226 
0xcb37f4304de8d1ca2df2474c6e3a00ab3e720462:0x228 
0xcb37f4304de8d1ca2df2474c6e3a00ab3e720462:0x229 
0xcb37f4304de8d1ca2df2474c6e3a00ab3e720462:0x22a 
0xcb37f4304de8d1ca2df2474c6e3a00ab3e720462:0x22c 
0xcb37f4304de8d1ca2df2474c6e3a00ab3e720462:0x22d 
0xcb37f4304de8d1ca2df2474c6e3a00ab3e720462:0x22e 
0xcb37f4304de8d1ca2df2474c6e3a00ab3e720462:0x230 
0xcb37f4304de8d1ca2df2474c6e3a00ab3e720462:0x231 
0xcb37f4304de8d1ca2df2474c6e3a00ab3e720462:0x252 
0xcb37f4304de8d1ca2df2474c6e3a00ab3e720462:0x253 
0xcb37f4304de8d1ca2df2474c6e3a00ab3e720462:0x254 
0xcb37f4304de8d1ca2df2474c6e3a00ab3e720462:0x255 
0xcb37f4304de8d1ca2df2474c6e3a00ab3e720462:0x258 
0xcb37f4304de8d1ca2df2474c6e3a00ab3e720462:0xa04 
0xcb37f4304de8d1ca2df2474c6e3a00ab3e720462:0xa05 
0xcb37f4304de8d1ca2df2474c6e3a00ab3e720462:0xa07 
0xcb37f4304de8d1ca2df2474c6e3a00ab3e720462:0xa08 
0xcb37f4304de8d1ca2df2474c6e3a00ab3e720462:0xa0b 
0xcb37f4304de8d1ca2df2474c6e3a00ab3e720462:0xa0c 
0xcb37f4304de8d1ca2df2474c6e3a00ab3e720462:0xa0d 
0xcb37f4304de8d1ca2df2474c6e3a00ab3e720462:0xa10 
0xcb37f4304de8d1ca2df2474c6e3a00ab3e720462:0x1107 
0xcb37f4304de8d1ca2df2474c6e3a00ab3e720462:0x1108 
0xcb37f4304de8d1ca2df2474c6e3a00ab3e720462:0x110a 
0xcb37f4304de8d1ca2df2474c6e3a00ab3e720462:0x110b 
0xcb37f4304de8d1ca2df2474c6e3a00ab3e720462:0x110c 
0xcb37f4304de8d1ca2df2474c6e3a00ab3e720462:0x110d 
0xcb37f4304de8d1ca2df2474c6e3a00ab3e720462:0x110e 
0xcb37f4304de8d1ca2df2474c6e3a00ab3e720462:0x1110 
0xcb37f4304de8d1ca2df2474c6e3a00ab3e720462:0x1111 
0xcb37f4304de8d1ca2df2474c6e3a00ab3e720462:0x1112 
0xcb37f4304de8d1ca2df2474c6e3a00ab3e720462:0x1113 
0xcb37f4304de8d1ca2df2474c6e3a00ab3e720462:0x1115 
0xcb37f4304de8d1ca2df2474c6e3a00ab3e720462:0x1116 
0xcb37f4304de8d1ca2df2474c6e3a00ab3e720462:0x1117 
0xcb37f4304de8d1ca2df2474c6e3a00ab3e720462:0x1118 
0xcb37f4304de8d1ca2df2474c6e3a00ab3e720462:0x1119 
0xcb37f4304de8d1ca2df2474c6e3a00ab3e720462:0x111a 
0xcb37f4304de8d1ca2df2474c6e3a00ab3e720462:0x111b 
0xcb37f4304de8d1ca2df2474c6e3a00ab3e720462:0x111c 
0xcb37f4304de8d1ca2df2474c6e3a00ab3e720462:0x111d 
0xcb37f4304de8d1ca2df2474c6e3a00ab3e720462:0x111e 
0xcb37f4304de8d1ca2df2474c6e3a00ab3e720462:0x1121 
0xcb37f4304de8d1ca2df2474c6e3a00ab3e720462:0x1126 
0xcb37f4304de8d1ca2df2474c6e3a00ab3e720462:0x1127 
0xcb37f4304de8d1ca2df2474c6e3a00ab3e720462:0x1129 
0xcb37f4304de8d1ca2df2474c6e3a00ab3e720462:0x112a 
0xcb37f4304de8d1ca2df2474c6e3a00ab3e720462:0x112b 
0xcb37f4304de8d1ca2df2474c6e3a00ab3e720462:0x112c 
0xcb37f4304de8d1ca2df2474c6e3a00ab3e720462:0x112d 
0xcb37f4304de8d1ca2df2474c6e3a00ab3e720462:0x112e 
0xcb37f4304de8d1ca2df2474c6e3a00ab3e720462:0x1131 
0xcb37f4304de8d1ca2df2474c6e3a00ab3e720462:0x1289 
0xcb37f4304de8d1ca2df2474c6e3a00ab3e720462:0x128a 
0xcb37f4304de8d1ca2df2474c6e3a00ab3e720462:0x128b 
0xcb37f4304de8d1ca2df2474c6e3a00ab3e720462:0x128c 
0xcb37f4304de8d1ca2df2474c6e3a00ab3e720462:0x128d 
0xcb37f4304de8d1ca2df2474c6e3a00ab3e720462:0x128e 
0xcb37f4304de8d1ca2df2474c6e3a00ab3e720462:0x128f 
0xcb37f4304de8d1ca2df2474c6e3a00ab3e720462:0x1290 
0xcb37f4304de8d1ca2df2474c6e3a00ab3e720462:0x1291 
0xcb37f4304de8d1ca2df2474c6e3a00ab3e720462:0x1294 
0xcb37f4304de8d1ca2df2474c6e3a00ab3e720462:0x1295 
0xcb37f4304de8d1ca2df2474c6e3a00ab3e720462:0x12b6 
0xcb37f4304de8d1ca2df2474c6e3a00ab3e720462:0x12b7 
0xcb37f4304de8d1ca2df2474c6e3a00ab3e720462:0x12b8 
0xcb37f4304de8d1ca2df2474c6e3a00ab3e720462:0x12b9 
0xcb37f4304de8d1ca2df2474c6e3a00ab3e720462:0x12ba 
0xcb37f4304de8d1ca2df2474c6e3a00ab3e720462:0x12bb 
0xcb37f4304de8d1ca2df2474c6e3a00ab3e720462:0x12be 
0xcb37f4304de8d1ca2df2474c6e3a00ab3e720462:0x12dd 
0xcb37f4304de8d1ca2df2474c6e3a00ab3e720462:0x12de 
0xcb37f4304de8d1ca2df2474c6e3a00ab3e720462:0x12df 
0xcb37f4304de8d1ca2df2474c6e3a00ab3e720462:0x12e0 
0xcb37f4304de8d1ca2df2474c6e3a00ab3e720462:0x12e1 
0xcb37f4304de8d1ca2df2474c6e3a00ab3e720462:0x12e2 
0xcb37f4304de8d1ca2df2474c6e3a00ab3e720462:0xa11 
0xcb37f4304de8d1ca2df2474c6e3a00ab3e720462:0xa12 
0xcb37f4304de8d1ca2df2474c6e3a00ab3e720462:0xa13 
0xcb37f4304de8d1ca2df2474c6e3a00ab3e720462:0xa14 
0xcb37f4304de8d1ca2df2474c6e3a00ab3e720462:0xa15 
0xcb37f4304de8d1ca2df2474c6e3a00ab3e720462:0xa16 
0xcb37f4304de8d1ca2df2474c6e3a00ab3e720462:0xa17 
0xcb37f4304de8d1ca2df2474c6e3a00ab3e720462:0xa18 
0xcb37f4304de8d1ca2df2474c6e3a00ab3e720462:0xa19 
0xcb37f4304de8d1ca2df2474c6e3a00ab3e720462:0x259 
0xcb37f4304de8d1ca2df2474c6e3a00ab3e720462:0x25a 
0xcb37f4304de8d1ca2df2474c6e3a00ab3e720462:0x25b 
0xcb37f4304de8d1ca2df2474c6e3a00ab3e720462:0x25e 
0xcb37f4304de8d1ca2df2474c6e3a00ab3e720462:0x25f 
0xcb37f4304de8d1ca2df2474c6e3a00ab3e720462:0x260 
0xcb37f4304de8d1ca2df2474c6e3a00ab3e720462:0x263 
0xcb37f4304de8d1ca2df2474c6e3a00ab3e720462:0x264 
0xcb37f4304de8d1ca2df2474c6e3a00ab3e720462:0x266 
0xcb37f4304de8d1ca2df2474c6e3a00ab3e720462:0x267 
0xcb37f4304de8d1ca2df2474c6e3a00ab3e720462:0x268 
0xcb37f4304de8d1ca2df2474c6e3a00ab3e720462:0x26a 
0xcb37f4304de8d1ca2df2474c6e3a00ab3e720462:0x26b 
0xcb37f4304de8d1ca2df2474c6e3a00ab3e720462:0x26d 
0xcb37f4304de8d1ca2df2474c6e3a00ab3e720462:0x26e 
0xcb37f4304de8d1ca2df2474c6e3a00ab3e720462:0x26f 
0xcb37f4304de8d1ca2df2474c6e3a00ab3e720462:0x271 
0xcb37f4304de8d1ca2df2474c6e3a00ab3e720462:0x272 
0xcb37f4304de8d1ca2df2474c6e3a00ab3e720462:0x273 
0xcb37f4304de8d1ca2df2474c6e3a00ab3e720462:0x275 
0xcb37f4304de8d1ca2df2474c6e3a00ab3e720462:0x276 
0xcb37f4304de8d1ca2df2474c6e3a00ab3e720462:0x297 
0xcb37f4304de8d1ca2df2474c6e3a00ab3e720462:0x298 
0xcb37f4304de8d1ca2df2474c6e3a00ab3e720462:0x299 
0xcb37f4304de8d1ca2df2474c6e3a00ab3e720462:0x29a 
0xcb37f4304de8d1ca2df2474c6e3a00ab3e720462:0x29d 
0xcb37f4304de8d1ca2df2474c6e3a00ab3e720462:0xa04 
0xcb37f4304de8d1ca2df2474c6e3a00ab3e720462:0xa05 
0xcb37f4304de8d1ca2df2474c6e3a00ab3e720462:0xa07 
0xcb37f4304de8d1ca2df2474c6e3a00ab3e720462:0xa08 
0xcb37f4304de8d1ca2df2474c6e3a00ab3e720462:0xa0b 
0xcb37f4304de8d1ca2df2474c6e3a00ab3e720462:0xa0c 
0xcb37f4304de8d1ca2df2474c6e3a00ab3e720462:0xa0d 
0xcb37f4304de8d1ca2df2474c6e3a00ab3e720462:0xa10 
0xcb37f4304de8d1ca2df2474c6e3a00ab3e720462:0x1107 
0xcb37f4304de8d1ca2df2474c6e3a00ab3e720462:0x1108 
0xcb37f4304de8d1ca2df2474c6e3a00ab3e720462:0x110a 
0xcb37f4304de8d1ca2df2474c6e3a00ab3e720462:0x110b 
0xcb37f4304de8d1ca2df2474c6e3a00ab3e720462:0x110c 
0xcb37f4304de8d1ca2df2474c6e3a00ab3e720462:0x110d 
0xcb37f4304de8d1ca2df2474c6e3a00ab3e720462:0x110e 
0xcb37f4304de8d1ca2df2474c6e3a00ab3e720462:0x1110 
0xcb37f4304de8d1ca2df2474c6e3a00ab3e720462:0x1111 
0xcb37f4304de8d1ca2df2474c6e3a00ab3e720462:0x1112 
0xcb37f4304de8d1ca2df2474c6e3a00ab3e720462:0x1113 
0xcb37f4304de8d1ca2df2474c6e3a00ab3e720462:0x1115 
0xcb37f4304de8d1ca2df2474c6e3a00ab3e720462:0x1116 
0xcb37f4304de8d1ca2df2474c6e3a00ab3e720462:0x1117 
0xcb37f4304de8d1ca2df2474c6e3a00ab3e720462:0x1118 
0xcb37f4304de8d1ca2df2474c6e3a00ab3e720462:0x1119 
0xcb37f4304de8d1ca2df2474c6e3a00ab3e720462:0x111a 
0xcb37f4304de8d1ca2df2474c6e3a00ab3e720462:0x111b 
0xcb37f4304de8d1ca2df2474c6e3a00ab3e720462:0x111c 
0xcb37f4304de8d1ca2df2474c6e3a00ab3e720462:0x111d 
0xcb37f4304de8d1ca2df2474c6e3a00ab3e720462:0x111e 
0xcb37f4304de8d1ca2df2474c6e3a00ab3e720462:0x1121 
0xcb37f4304de8d1ca2df2474c6e3a00ab3e720462:0x1126 
0xcb37f4304de8d1ca2df2474c6e3a00ab3e720462:0x1127 
0xcb37f4304de8d1ca2df2474c6e3a00ab3e720462:0x1129 
0xcb37f4304de8d1ca2df2474c6e3a00ab3e720462:0x112a 
0xcb37f4304de8d1ca2df2474c6e3a00ab3e720462:0x112b 
0xcb37f4304de8d1ca2df2474c6e3a00ab3e720462:0x112c 
0xcb37f4304de8d1ca2df2474c6e3a00ab3e720462:0x112d 
0xcb37f4304de8d1ca2df2474c6e3a00ab3e720462:0x112e 
0xcb37f4304de8d1ca2df2474c6e3a00ab3e720462:0x1131 
0xcb37f4304de8d1ca2df2474c6e3a00ab3e720462:0x1289 
0xcb37f4304de8d1ca2df2474c6e3a00ab3e720462:0x128a 
0xcb37f4304de8d1ca2df2474c6e3a00ab3e720462:0x128b 
0xcb37f4304de8d1ca2df2474c6e3a00ab3e720462:0x128c 
0xcb37f4304de8d1ca2df2474c6e3a00ab3e720462:0x128d 
0xcb37f4304de8d1ca2df2474c6e3a00ab3e720462:0x128e 
0xcb37f4304de8d1ca2df2474c6e3a00ab3e720462:0x128f 
0xcb37f4304de8d1ca2df2474c6e3a00ab3e720462:0x1290 
0xcb37f4304de8d1ca2df2474c6e3a00ab3e720462:0x1291 
0xcb37f4304de8d1ca2df2474c6e3a00ab3e720462:0x1294 
0xcb37f4304de8d1ca2df2474c6e3a00ab3e720462:0x1295 
0xcb37f4304de8d1ca2df2474c6e3a00ab3e720462:0x12b6 
0xcb37f4304de8d1ca2df2474c6e3a00ab3e720462:0x12b7 
0xcb37f4304de8d1ca2df2474c6e3a00ab3e720462:0x12b8 
0xcb37f4304de8d1ca2df2474c6e3a00ab3e720462:0x12b9 
0xcb37f4304de8d1ca2df2474c6e3a00ab3e720462:0x12ba 
0xcb37f4304de8d1ca2df2474c6e3a00ab3e720462:0x12bb 
0xcb37f4304de8d1ca2df2474c6e3a00ab3e720462:0x12be 
0xcb37f4304de8d1ca2df2474c6e3a00ab3e720462:0x12dd 
0xcb37f4304de8d1ca2df2474c6e3a00ab3e720462:0x12de 
0xcb37f4304de8d1ca2df2474c6e3a00ab3e720462:0x12df 
0xcb37f4304de8d1ca2df2474c6e3a00ab3e720462:0x12e0 
0xcb37f4304de8d1ca2df2474c6e3a00ab3e720462:0x12e1 
0xcb37f4304de8d1ca2df2474c6e3a00ab3e720462:0x12e2 
0xcb37f4304de8d1ca2df2474c6e3a00ab3e720462:0xa11 
0xcb37f4304de8d1ca2df2474c6e3a00ab3e720462:0xa12 
0xcb37f4304de8d1ca2df2474c6e3a00ab3e720462:0xa13 
0xcb37f4304de8d1ca2df2474c6e3a00ab3e720462:0xa14 
0xcb37f4304de8d1ca2df2474c6e3a00ab3e720462:0xa15 
0xcb37f4304de8d1ca2df2474c6e3a00ab3e720462:0xa16 
0xcb37f4304de8d1ca2df2474c6e3a00ab3e720462:0xa17 
0xcb37f4304de8d1ca2df2474c6e3a00ab3e720462:0xa18 
0xcb37f4304de8d1ca2df2474c6e3a00ab3e720462:0xa19 
0xcb37f4304de8d1ca2df2474c6e3a00ab3e720462:0x29e 
0xcb37f4304de8d1ca2df2474c6e3a00ab3e720462:0x29f 
0xcb37f4304de8d1ca2df2474c6e3a00ab3e720462:0x2a0 
0xcb37f4304de8d1ca2df2474c6e3a00ab3e720462:0x2a1 
0xcb37f4304de8d1ca2df2474c6e3a00ab3e720462:0x2a4 
0xcb37f4304de8d1ca2df2474c6e3a00ab3e720462:0x2a5 
0xcb37f4304de8d1ca2df2474c6e3a00ab3e720462:0x2a6 
0xcb37f4304de8d1ca2df2474c6e3a00ab3e720462:0x2a9 
0xcb37f4304de8d1ca2df2474c6e3a00ab3e720462:0x2aa 
0xcb37f4304de8d1ca2df2474c6e3a00ab3e720462:0x2ac 
0xcb37f4304de8d1ca2df2474c6e3a00ab3e720462:0x2ad 
0xcb37f4304de8d1ca2df2474c6e3a00ab3e720462:0x2ae 
0xcb37f4304de8d1ca2df2474c6e3a00ab3e720462:0x2b0 
0xcb37f4304de8d1ca2df2474c6e3a00ab3e720462:0x2b1 
0xcb37f4304de8d1ca2df2474c6e3a00ab3e720462:0x2b3 
0xcb37f4304de8d1ca2df2474c6e3a00ab3e720462:0x2b4 
0xcb37f4304de8d1ca2df2474c6e3a00ab3e720462:0x2b5 
0xcb37f4304de8d1ca2df2474c6e3a00ab3e720462:0x2b7 
0xcb37f4304de8d1ca2df2474c6e3a00ab3e720462:0x2b8 
0xcb37f4304de8d1ca2df2474c6e3a00ab3e720462:0x2b9 
0xcb37f4304de8d1ca2df2474c6e3a00ab3e720462:0x2bb 
0xcb37f4304de8d1ca2df2474c6e3a00ab3e720462:0x2bc 
0xcb37f4304de8d1ca2df2474c6e3a00ab3e720462:0x2dd 
0xcb37f4304de8d1ca2df2474c6e3a00ab3e720462:0x2de 
0xcb37f4304de8d1ca2df2474c6e3a00ab3e720462:0x2df 
0xcb37f4304de8d1ca2df2474c6e3a00ab3e720462:0x2e0 
0xcb37f4304de8d1ca2df2474c6e3a00ab3e720462:0x2e3 
0xcb37f4304de8d1ca2df2474c6e3a00ab3e720462:0xa04 
0xcb37f4304de8d1ca2df2474c6e3a00ab3e720462:0xa05 
0xcb37f4304de8d1ca2df2474c6e3a00ab3e720462:0xa07 
0xcb37f4304de8d1ca2df2474c6e3a00ab3e720462:0xa08 
0xcb37f4304de8d1ca2df2474c6e3a00ab3e720462:0xa0b 
0xcb37f4304de8d1ca2df2474c6e3a00ab3e720462:0xa0c 
0xcb37f4304de8d1ca2df2474c6e3a00ab3e720462:0xa0d 
0xcb37f4304de8d1ca2df2474c6e3a00ab3e720462:0xa10 
0xcb37f4304de8d1ca2df2474c6e3a00ab3e720462:0x1107 
0xcb37f4304de8d1ca2df2474c6e3a00ab3e720462:0x1108 
0xcb37f4304de8d1ca2df2474c6e3a00ab3e720462:0x110a 
0xcb37f4304de8d1ca2df2474c6e3a00ab3e720462:0x110b 
0xcb37f4304de8d1ca2df2474c6e3a00ab3e720462:0x110c 
0xcb37f4304de8d1ca2df2474c6e3a00ab3e720462:0x110d 
0xcb37f4304de8d1ca2df2474c6e3a00ab3e720462:0x110e 
0xcb37f4304de8d1ca2df2474c6e3a00ab3e720462:0x1110 
0xcb37f4304de8d1ca2df2474c6e3a00ab3e720462:0x1111 
0xcb37f4304de8d1ca2df2474c6e3a00ab3e720462:0x1112 
0xcb37f4304de8d1ca2df2474c6e3a00ab3e720462:0x1113 
0xcb37f4304de8d1ca2df2474c6e3a00ab3e720462:0x1115 
0xcb37f4304de8d1ca2df2474c6e3a00ab3e720462:0x1116 
0xcb37f4304de8d1ca2df2474c6e3a00ab3e720462:0x1117 
0xcb37f4304de8d1ca2df2474c6e3a00ab3e720462:0x1118 
0xcb37f4304de8d1ca2df2474c6e3a00ab3e720462:0x1119 
0xcb37f4304de8d1ca2df2474c6e3a00ab3e720462:0x111a 
0xcb37f4304de8d1ca2df2474c6e3a00ab3e720462:0x111b 
0xcb37f4304de8d1ca2df2474c6e3a00ab3e720462:0x111c 
0xcb37f4304de8d1ca2df2474c6e3a00ab3e720462:0x111d 
0xcb37f4304de8d1ca2df2474c6e3a00ab3e720462:0x111e 
0xcb37f4304de8d1ca2df2474c6e3a00ab3e720462:0x1121 
0xcb37f4304de8d1ca2df2474c6e3a00ab3e720462:0x1126 
0xcb37f4304de8d1ca2df2474c6e3a00ab3e720462:0x1127 
0xcb37f4304de8d1ca2df2474c6e3a00ab3e720462:0x1129 
0xcb37f4304de8d1ca2df2474c6e3a00ab3e720462:0x112a 
0xcb37f4304de8d1ca2df2474c6e3a00ab3e720462:0x112b 
0xcb37f4304de8d1ca2df2474c6e3a00ab3e720462:0x112c 
0xcb37f4304de8d1ca2df2474c6e3a00ab3e720462:0x112d 
0xcb37f4304de8d1ca2df2474c6e3a00ab3e720462:0x112e 
0xcb37f4304de8d1ca2df2474c6e3a00ab3e720462:0x1131 
0xcb37f4304de8d1ca2df2474c6e3a00ab3e720462:0x1289 
0xcb37f4304de8d1ca2df2474c6e3a00ab3e720462:0x128a 
0xcb37f4304de8d1ca2df2474c6e3a00ab3e720462:0x128b 
0xcb37f4304de8d1ca2df2474c6e3a00ab3e720462:0x128c 
0xcb37f4304de8d1ca2df2474c6e3a00ab3e720462:0x128d 
0xcb37f4304de8d1ca2df2474c6e3a00ab3e720462:0x128e 
0xcb37f4304de8d1ca2df2474c6e3a00ab3e720462:0x128f 
0xcb37f4304de8d1ca2df2474c6e3a00ab3e720462:0x1290 
0xcb37f4304de8d1ca2df2474c6e3a00ab3e720462:0x1291 
0xcb37f4304de8d1ca2df2474c6e3a00ab3e720462:0x1294 
0xcb37f4304de8d1ca2df2474c6e3a00ab3e720462:0x1295 
0xcb37f4304de8d1ca2df2474c6e3a00ab3e720462:0x12b6 
0xcb37f4304de8d1ca2df2474c6e3a00ab3e720462:0x12b7 
0xcb37f4304de8d1ca2df2474c6e3a00ab3e720462:0x12b8 
0xcb37f4304de8d1ca2df2474c6e3a00ab3e720462:0x12b9 
0xcb37f4304de8d1ca2df2474c6e3a00ab3e720462:0x12ba 
0xcb37f4304de8d1ca2df2474c6e3a00ab3e720462:0x12bb 
0xcb37f4304de8d1ca2df2474c6e3a00ab3e720462:0x12be 
0xcb37f4304de8d1ca2df2474c6e3a00ab3e720462:0x12dd 
0xcb37f4304de8d1ca2df2474c6e3a00ab3e720462:0x12de 
0xcb37f4304de8d1ca2df2474c6e3a00ab3e720462:0x12df 
0xcb37f4304de8d1ca2df2474c6e3a00ab3e720462:0x12e0 
0xcb37f4304de8d1ca2df2474c6e3a00ab3e720462:0x12e1 
0xcb37f4304de8d1ca2df2474c6e3a00ab3e720462:0x12e2 
0xcb37f4304de8d1ca2df2474c6e3a00ab3e720462:0xa11 
0xcb37f4304de8d1ca2df2474c6e3a00ab3e720462:0xa12 
0xcb37f4304de8d1ca2df2474c6e3a00ab3e720462:0xa13 
0xcb37f4304de8d1ca2df2474c6e3a00ab3e720462:0xa14 
0xcb37f4304de8d1ca2df2474c6e3a00ab3e720462:0xa15 
0xcb37f4304de8d1ca2df2474c6e3a00ab3e720462:0xa16 
0xcb37f4304de8d1ca2df2474c6e3a00ab3e720462:0xa17 
0xcb37f4304de8d1ca2df2474c6e3a00ab3e720462:0xa18 
0xcb37f4304de8d1ca2df2474c6e3a00ab3e720462:0xa19 
0xcb37f4304de8d1ca2df2474c6e3a00ab3e720462:0x2e4 
0xcb37f4304de8d1ca2df2474c6e3a00ab3e720462:0x2e5 
0xcb37f4304de8d1ca2df2474c6e3a00ab3e720462:0x2e6 
0xcb37f4304de8d1ca2df2474c6e3a00ab3e720462:0x2e7 
0xcb37f4304de8d1ca2df2474c6e3a00ab3e720462:0x2ea 
0xcb37f4304de8d1ca2df2474c6e3a00ab3e720462:0x2eb 
0xcb37f4304de8d1ca2df2474c6e3a00ab3e720462:0x2ec 
0xcb37f4304de8d1ca2df2474c6e3a00ab3e720462:0x2ef 
0xcb37f4304de8d1ca2df2474c6e3a00ab3e720462:0x2f0 
0xcb37f4304de8d1ca2df2474c6e3a00ab3e720462:0x2f2 
0xcb37f4304de8d1ca2df2474c6e3a00ab3e720462:0x2f3 
0xcb37f4304de8d1ca2df2474c6e3a00ab3e720462:0x2f4 
0xcb37f4304de8d1ca2df2474c6e3a00ab3e720462:0x2f6 
0xcb37f4304de8d1ca2df2474c6e3a00ab3e720462:0x2f7 
0xcb37f4304de8d1ca2df2474c6e3a00ab3e720462:0x2f9 
0xcb37f4304de8d1ca2df2474c6e3a00ab3e720462:0x2fa 
0xcb37f4304de8d1ca2df2474c6e3a00ab3e720462:0x2fb 
0xcb37f4304de8d1ca2df2474c6e3a00ab3e720462:0x2fd 
0xcb37f4304de8d1ca2df2474c6e3a00ab3e720462:0x2fe 
0xcb37f4304de8d1ca2df2474c6e3a00ab3e720462:0x2ff 
0xcb37f4304de8d1ca2df2474c6e3a00ab3e720462:0x301 
0xcb37f4304de8d1ca2df2474c6e3a00ab3e720462:0x302 
0xcb37f4304de8d1ca2df2474c6e3a00ab3e720462:0x323 
0xcb37f4304de8d1ca2df2474c6e3a00ab3e720462:0x324 
0xcb37f4304de8d1ca2df2474c6e3a00ab3e720462:0x325 
0xcb37f4304de8d1ca2df2474c6e3a00ab3e720462:0x326 
0xcb37f4304de8d1ca2df2474c6e3a00ab3e720462:0x329 
0xcb37f4304de8d1ca2df2474c6e3a00ab3e720462:0xa04 
0xcb37f4304de8d1ca2df2474c6e3a00ab3e720462:0xa05 
0xcb37f4304de8d1ca2df2474c6e3a00ab3e720462:0xa07 
0xcb37f4304de8d1ca2df2474c6e3a00ab3e720462:0xa08 
0xcb37f4304de8d1ca2df2474c6e3a00ab3e720462:0xa0b 
0xcb37f4304de8d1ca2df2474c6e3a00ab3e720462:0xa0c 
0xcb37f4304de8d1ca2df2474c6e3a00ab3e720462:0xa0d 
0xcb37f4304de8d1ca2df2474c6e3a00ab3e720462:0xa10 
0xcb37f4304de8d1ca2df2474c6e3a00ab3e720462:0x1107 
0xcb37f4304de8d1ca2df2474c6e3a00ab3e720462:0x1108 
0xcb37f4304de8d1ca2df2474c6e3a00ab3e720462:0x110a 
0xcb37f4304de8d1ca2df2474c6e3a00ab3e720462:0x110b 
0xcb37f4304de8d1ca2df2474c6e3a00ab3e720462:0x110c 
0xcb37f4304de8d1ca2df2474c6e3a00ab3e720462:0x110d 
0xcb37f4304de8d1ca2df2474c6e3a00ab3e720462:0x110e 
0xcb37f4304de8d1ca2df2474c6e3a00ab3e720462:0x1110 
0xcb37f4304de8d1ca2df2474c6e3a00ab3e720462:0x1111 
0xcb37f4304de8d1ca2df2474c6e3a00ab3e720462:0x1112 
0xcb37f4304de8d1ca2df2474c6e3a00ab3e720462:0x1113 
0xcb37f4304de8d1ca2df2474c6e3a00ab3e720462:0x1115 
0xcb37f4304de8d1ca2df2474c6e3a00ab3e720462:0x1116 
0xcb37f4304de8d1ca2df2474c6e3a00ab3e720462:0x1117 
0xcb37f4304de8d1ca2df2474c6e3a00ab3e720462:0x1118 
0xcb37f4304de8d1ca2df2474c6e3a00ab3e720462:0x1119 
0xcb37f4304de8d1ca2df2474c6e3a00ab3e720462:0x111a 
0xcb37f4304de8d1ca2df2474c6e3a00ab3e720462:0x111b 
0xcb37f4304de8d1ca2df2474c6e3a00ab3e720462:0x111c 
0xcb37f4304de8d1ca2df2474c6e3a00ab3e720462:0x111d 
0xcb37f4304de8d1ca2df2474c6e3a00ab3e720462:0x111e 
0xcb37f4304de8d1ca2df2474c6e3a00ab3e720462:0x1121 
0xcb37f4304de8d1ca2df2474c6e3a00ab3e720462:0x1126 
0xcb37f4304de8d1ca2df2474c6e3a00ab3e720462:0x1127 
0xcb37f4304de8d1ca2df2474c6e3a00ab3e720462:0x1129 
0xcb37f4304de8d1ca2df2474c6e3a00ab3e720462:0x112a 
0xcb37f4304de8d1ca2df2474c6e3a00ab3e720462:0x112b 
0xcb37f4304de8d1ca2df2474c6e3a00ab3e720462:0x112c 
0xcb37f4304de8d1ca2df2474c6e3a00ab3e720462:0x112d 
0xcb37f4304de8d1ca2df2474c6e3a00ab3e720462:0x112e 
0xcb37f4304de8d1ca2df2474c6e3a00ab3e720462:0x1131 
0xcb37f4304de8d1ca2df2474c6e3a00ab3e720462:0x1289 
0xcb37f4304de8d1ca2df2474c6e3a00ab3e720462:0x128a 
0xcb37f4304de8d1ca2df2474c6e3a00ab3e720462:0x128b 
0xcb37f4304de8d1ca2df2474c6e3a00ab3e720462:0x128c 
0xcb37f4304de8d1ca2df2474c6e3a00ab3e720462:0x128d 
0xcb37f4304de8d1ca2df2474c6e3a00ab3e720462:0x128e 
0xcb37f4304de8d1ca2df2474c6e3a00ab3e720462:0x128f 
0xcb37f4304de8d1ca2df2474c6e3a00ab3e720462:0x1290 
0xcb37f4304de8d1ca2df2474c6e3a00ab3e720462:0x1291 
0xcb37f4304de8d1ca2df2474c6e3a00ab3e720462:0x1294 
0xcb37f4304de8d1ca2df2474c6e3a00ab3e720462:0x1295 
0xcb37f4304de8d1ca2df2474c6e3a00ab3e720462:0x12b6 
0xcb37f4304de8d1ca2df2474c6e3a00ab3e720462:0x12b7 
0xcb37f4304de8d1ca2df2474c6e3a00ab3e720462:0x12b8 
0xcb37f4304de8d1ca2df2474c6e3a00ab3e720462:0x12b9 
0xcb37f4304de8d1ca2df2474c6e3a00ab3e720462:0x12ba 
0xcb37f4304de8d1ca2df2474c6e3a00ab3e720462:0x12bb 
0xcb37f4304de8d1ca2df2474c6e3a00ab3e720462:0x12be 
0xcb37f4304de8d1ca2df2474c6e3a00ab3e720462:0x12dd 
0xcb37f4304de8d1ca2df2474c6e3a00ab3e720462:0x12de 
0xcb37f4304de8d1ca2df2474c6e3a00ab3e720462:0x12df 
0xcb37f4304de8d1ca2df2474c6e3a00ab3e720462:0x12e0 
0xcb37f4304de8d1ca2df2474c6e3a00ab3e720462:0x12e1 
0xcb37f4304de8d1ca2df2474c6e3a00ab3e720462:0x12e2 
0xcb37f4304de8d1ca2df2474c6e3a00ab3e720462:0xa11 
0xcb37f4304de8d1ca2df2474c6e3a00ab3e720462:0xa12 
0xcb37f4304de8d1ca2df2474c6e3a00ab3e720462:0xa13 
0xcb37f4304de8d1ca2df2474c6e3a00ab3e720462:0xa14 
0xcb37f4304de8d1ca2df2474c6e3a00ab3e720462:0xa15 
0xcb37f4304de8d1ca2df2474c6e3a00ab3e720462:0xa16 
0xcb37f4304de8d1ca2df2474c6e3a00ab3e720462:0xa17 
0xcb37f4304de8d1ca2df2474c6e3a00ab3e720462:0xa18 
0xcb37f4304de8d1ca2df2474c6e3a00ab3e720462:0xa19 
0xcb37f4304de8d1ca2df2474c6e3a00ab3e720462:0x32a 
0xcb37f4304de8d1ca2df2474c6e3a00ab3e720462:0x32b 
0xcb37f4304de8d1ca2df2474c6e3a00ab3e720462:0x32c 
0xcb37f4304de8d1ca2df2474c6e3a00ab3e720462:0x32f 
0xcb37f4304de8d1ca2df2474c6e3a00ab3e720462:0x330 
0xcb37f4304de8d1ca2df2474c6e3a00ab3e720462:0x332 
0xcb37f4304de8d1ca2df2474c6e3a00ab3e720462:0x335 
0xcb37f4304de8d1ca2df2474c6e3a00ab3e720462:0x336 
0xcb37f4304de8d1ca2df2474c6e3a00ab3e720462:0x338 
0xcb37f4304de8d1ca2df2474c6e3a00ab3e720462:0x339 
0xcb37f4304de8d1ca2df2474c6e3a00ab3e720462:0x33a 
0xcb37f4304de8d1ca2df2474c6e3a00ab3e720462:0x33c 
0xcb37f4304de8d1ca2df2474c6e3a00ab3e720462:0x33d 
0xcb37f4304de8d1ca2df2474c6e3a00ab3e720462:0x33f 
0xcb37f4304de8d1ca2df2474c6e3a00ab3e720462:0x340 
0xcb37f4304de8d1ca2df2474c6e3a00ab3e720462:0x341 
0xcb37f4304de8d1ca2df2474c6e3a00ab3e720462:0x343 
0xcb37f4304de8d1ca2df2474c6e3a00ab3e720462:0x344 
0xcb37f4304de8d1ca2df2474c6e3a00ab3e720462:0x345 
0xcb37f4304de8d1ca2df2474c6e3a00ab3e720462:0x347 
0xcb37f4304de8d1ca2df2474c6e3a00ab3e720462:0x348 
0xcb37f4304de8d1ca2df2474c6e3a00ab3e720462:0x369 
0xcb37f4304de8d1ca2df2474c6e3a00ab3e720462:0x36a 
0xcb37f4304de8d1ca2df2474c6e3a00ab3e720462:0x36b 
0xcb37f4304de8d1ca2df2474c6e3a00ab3e720462:0x36c 
0xcb37f4304de8d1ca2df2474c6e3a00ab3e720462:0x36f 
0xcb37f4304de8d1ca2df2474c6e3a00ab3e720462:0xa04 
0xcb37f4304de8d1ca2df2474c6e3a00ab3e720462:0xa05 
0xcb37f4304de8d1ca2df2474c6e3a00ab3e720462:0xa07 
0xcb37f4304de8d1ca2df2474c6e3a00ab3e720462:0xa08 
0xcb37f4304de8d1ca2df2474c6e3a00ab3e720462:0xa0b 
0xcb37f4304de8d1ca2df2474c6e3a00ab3e720462:0xa0c 
0xcb37f4304de8d1ca2df2474c6e3a00ab3e720462:0xa0d 
0xcb37f4304de8d1ca2df2474c6e3a00ab3e720462:0xa10 
0xcb37f4304de8d1ca2df2474c6e3a00ab3e720462:0x1107 
0xcb37f4304de8d1ca2df2474c6e3a00ab3e720462:0x1108 
0xcb37f4304de8d1ca2df2474c6e3a00ab3e720462:0x110a 
0xcb37f4304de8d1ca2df2474c6e3a00ab3e720462:0x110b 
0xcb37f4304de8d1ca2df2474c6e3a00ab3e720462:0x110c 
0xcb37f4304de8d1ca2df2474c6e3a00ab3e720462:0x110d 
0xcb37f4304de8d1ca2df2474c6e3a00ab3e720462:0x110e 
0xcb37f4304de8d1ca2df2474c6e3a00ab3e720462:0x1110 
0xcb37f4304de8d1ca2df2474c6e3a00ab3e720462:0x1111 
0xcb37f4304de8d1ca2df2474c6e3a00ab3e720462:0x1112 
0xcb37f4304de8d1ca2df2474c6e3a00ab3e720462:0x1113 
0xcb37f4304de8d1ca2df2474c6e3a00ab3e720462:0x1115 
0xcb37f4304de8d1ca2df2474c6e3a00ab3e720462:0x1116 
0xcb37f4304de8d1ca2df2474c6e3a00ab3e720462:0x1117 
0xcb37f4304de8d1ca2df2474c6e3a00ab3e720462:0x1118 
0xcb37f4304de8d1ca2df2474c6e3a00ab3e720462:0x1119 
0xcb37f4304de8d1ca2df2474c6e3a00ab3e720462:0x111a 
0xcb37f4304de8d1ca2df2474c6e3a00ab3e720462:0x111b 
0xcb37f4304de8d1ca2df2474c6e3a00ab3e720462:0x111c 
0xcb37f4304de8d1ca2df2474c6e3a00ab3e720462:0x111d 
0xcb37f4304de8d1ca2df2474c6e3a00ab3e720462:0x111e 
0xcb37f4304de8d1ca2df2474c6e3a00ab3e720462:0x1121 
0xcb37f4304de8d1ca2df2474c6e3a00ab3e720462:0x1126 
0xcb37f4304de8d1ca2df2474c6e3a00ab3e720462:0x1127 
0xcb37f4304de8d1ca2df2474c6e3a00ab3e720462:0x1129 
0xcb37f4304de8d1ca2df2474c6e3a00ab3e720462:0x112a 
0xcb37f4304de8d1ca2df2474c6e3a00ab3e720462:0x112b 
0xcb37f4304de8d1ca2df2474c6e3a00ab3e720462:0x112c 
0xcb37f4304de8d1ca2df2474c6e3a00ab3e720462:0x112d 
0xcb37f4304de8d1ca2df2474c6e3a00ab3e720462:0x112e 
0xcb37f4304de8d1ca2df2474c6e3a00ab3e720462:0x1131 
0xcb37f4304de8d1ca2df2474c6e3a00ab3e720462:0x1289 
0xcb37f4304de8d1ca2df2474c6e3a00ab3e720462:0x128a 
0xcb37f4304de8d1ca2df2474c6e3a00ab3e720462:0x128b 
0xcb37f4304de8d1ca2df2474c6e3a00ab3e720462:0x128c 
0xcb37f4304de8d1ca2df2474c6e3a00ab3e720462:0x128d 
0xcb37f4304de8d1ca2df2474c6e3a00ab3e720462:0x128e 
0xcb37f4304de8d1ca2df2474c6e3a00ab3e720462:0x128f 
0xcb37f4304de8d1ca2df2474c6e3a00ab3e720462:0x1290 
0xcb37f4304de8d1ca2df2474c6e3a00ab3e720462:0x1291 
0xcb37f4304de8d1ca2df2474c6e3a00ab3e720462:0x1294 
0xcb37f4304de8d1ca2df2474c6e3a00ab3e720462:0x1295 
0xcb37f4304de8d1ca2df2474c6e3a00ab3e720462:0x12b6 
0xcb37f4304de8d1ca2df2474c6e3a00ab3e720462:0x12b7 
0xcb37f4304de8d1ca2df2474c6e3a00ab3e720462:0x12b8 
0xcb37f4304de8d1ca2df2474c6e3a00ab3e720462:0x12b9 
0xcb37f4304de8d1ca2df2474c6e3a00ab3e720462:0x12ba 
0xcb37f4304de8d1ca2df2474c6e3a00ab3e720462:0x12bb 
0xcb37f4304de8d1ca2df2474c6e3a00ab3e720462:0x12be 
0xcb37f4304de8d1ca2df2474c6e3a00ab3e720462:0x12dd 
0xcb37f4304de8d1ca2df2474c6e3a00ab3e720462:0x12de 
0xcb37f4304de8d1ca2df2474c6e3a00ab3e720462:0x12df 
0xcb37f4304de8d1ca2df2474c6e3a00ab3e720462:0x12e0 
0xcb37f4304de8d1ca2df2474c6e3a00ab3e720462:0x12e1 
0xcb37f4304de8d1ca2df2474c6e3a00ab3e720462:0x12e2 
0xcb37f4304de8d1ca2df2474c6e3a00ab3e720462:0xa11 
0xcb37f4304de8d1ca2df2474c6e3a00ab3e720462:0xa12 
0xcb37f4304de8d1ca2df2474c6e3a00ab3e720462:0xa13 
0xcb37f4304de8d1ca2df2474c6e3a00ab3e720462:0xa14 
0xcb37f4304de8d1ca2df2474c6e3a00ab3e720462:0xa15 
0xcb37f4304de8d1ca2df2474c6e3a00ab3e720462:0xa16 
0xcb37f4304de8d1ca2df2474c6e3a00ab3e720462:0xa17 
0xcb37f4304de8d1ca2df2474c6e3a00ab3e720462:0xa18 
0xcb37f4304de8d1ca2df2474c6e3a00ab3e720462:0xa19 
0xcb37f4304de8d1ca2df2474c6e3a00ab3e720462:0x370 
0xcb37f4304de8d1ca2df2474c6e3a00ab3e720462:0x371 
0xcb37f4304de8d1ca2df2474c6e3a00ab3e720462:0x372 
0xcb37f4304de8d1ca2df2474c6e3a00ab3e720462:0x375 
0xcb37f4304de8d1ca2df2474c6e3a00ab3e720462:0x37e 
0xcb37f4304de8d1ca2df2474c6e3a00ab3e720462:0x37f 
0xcb37f4304de8d1ca2df2474c6e3a00ab3e720462:0x382 
0xcb37f4304de8d1ca2df2474c6e3a00ab3e720462:0x383 
0xcb37f4304de8d1ca2df2474c6e3a00ab3e720462:0x385 
0xcb37f4304de8d1ca2df2474c6e3a00ab3e720462:0x386 
0xcb37f4304de8d1ca2df2474c6e3a00ab3e720462:0x387 
0xcb37f4304de8d1ca2df2474c6e3a00ab3e720462:0x389 
0xcb37f4304de8d1ca2df2474c6e3a00ab3e720462:0x38a 
0xcb37f4304de8d1ca2df2474c6e3a00ab3e720462:0x38c 
0xcb37f4304de8d1ca2df2474c6e3a00ab3e720462:0x38d 
0xcb37f4304de8d1ca2df2474c6e3a00ab3e720462:0x38e 
0xcb37f4304de8d1ca2df2474c6e3a00ab3e720462:0x390 
0xcb37f4304de8d1ca2df2474c6e3a00ab3e720462:0x391 
0xcb37f4304de8d1ca2df2474c6e3a00ab3e720462:0x392 
0xcb37f4304de8d1ca2df2474c6e3a00ab3e720462:0x394 
0xcb37f4304de8d1ca2df2474c6e3a00ab3e720462:0x395 
0xcb37f4304de8d1ca2df2474c6e3a00ab3e720462:0x3b6 
0xcb37f4304de8d1ca2df2474c6e3a00ab3e720462:0x3b7 
0xcb37f4304de8d1ca2df2474c6e3a00ab3e720462:0x3b8 
0xcb37f4304de8d1ca2df2474c6e3a00ab3e720462:0x3b9 
0xcb37f4304de8d1ca2df2474c6e3a00ab3e720462:0x3bc 
0xcb37f4304de8d1ca2df2474c6e3a00ab3e720462:0xa04 
0xcb37f4304de8d1ca2df2474c6e3a00ab3e720462:0xa05 
0xcb37f4304de8d1ca2df2474c6e3a00ab3e720462:0xa07 
0xcb37f4304de8d1ca2df2474c6e3a00ab3e720462:0xa08 
0xcb37f4304de8d1ca2df2474c6e3a00ab3e720462:0xa0b 
0xcb37f4304de8d1ca2df2474c6e3a00ab3e720462:0xa0c 
0xcb37f4304de8d1ca2df2474c6e3a00ab3e720462:0xa0d 
0xcb37f4304de8d1ca2df2474c6e3a00ab3e720462:0xa10 
0xcb37f4304de8d1ca2df2474c6e3a00ab3e720462:0x1107 
0xcb37f4304de8d1ca2df2474c6e3a00ab3e720462:0x1108 
0xcb37f4304de8d1ca2df2474c6e3a00ab3e720462:0x110a 
0xcb37f4304de8d1ca2df2474c6e3a00ab3e720462:0x110b 
0xcb37f4304de8d1ca2df2474c6e3a00ab3e720462:0x110c 
0xcb37f4304de8d1ca2df2474c6e3a00ab3e720462:0x110d 
0xcb37f4304de8d1ca2df2474c6e3a00ab3e720462:0x110e 
0xcb37f4304de8d1ca2df2474c6e3a00ab3e720462:0x1110 
0xcb37f4304de8d1ca2df2474c6e3a00ab3e720462:0x1111 
0xcb37f4304de8d1ca2df2474c6e3a00ab3e720462:0x1112 
0xcb37f4304de8d1ca2df2474c6e3a00ab3e720462:0x1113 
0xcb37f4304de8d1ca2df2474c6e3a00ab3e720462:0x1115 
0xcb37f4304de8d1ca2df2474c6e3a00ab3e720462:0x1116 
0xcb37f4304de8d1ca2df2474c6e3a00ab3e720462:0x1117 
0xcb37f4304de8d1ca2df2474c6e3a00ab3e720462:0x1118 
0xcb37f4304de8d1ca2df2474c6e3a00ab3e720462:0x1119 
0xcb37f4304de8d1ca2df2474c6e3a00ab3e720462:0x111a 
0xcb37f4304de8d1ca2df2474c6e3a00ab3e720462:0x111b 
0xcb37f4304de8d1ca2df2474c6e3a00ab3e720462:0x111c 
0xcb37f4304de8d1ca2df2474c6e3a00ab3e720462:0x111d 
0xcb37f4304de8d1ca2df2474c6e3a00ab3e720462:0x111e 
0xcb37f4304de8d1ca2df2474c6e3a00ab3e720462:0x1121 
0xcb37f4304de8d1ca2df2474c6e3a00ab3e720462:0x1126 
0xcb37f4304de8d1ca2df2474c6e3a00ab3e720462:0x1127 
0xcb37f4304de8d1ca2df2474c6e3a00ab3e720462:0x1129 
0xcb37f4304de8d1ca2df2474c6e3a00ab3e720462:0x112a 
0xcb37f4304de8d1ca2df2474c6e3a00ab3e720462:0x112b 
0xcb37f4304de8d1ca2df2474c6e3a00ab3e720462:0x112c 
0xcb37f4304de8d1ca2df2474c6e3a00ab3e720462:0x112d 
0xcb37f4304de8d1ca2df2474c6e3a00ab3e720462:0x112e 
0xcb37f4304de8d1ca2df2474c6e3a00ab3e720462:0x1131 
0xcb37f4304de8d1ca2df2474c6e3a00ab3e720462:0x1289 
0xcb37f4304de8d1ca2df2474c6e3a00ab3e720462:0x128a 
0xcb37f4304de8d1ca2df2474c6e3a00ab3e720462:0x128b 
0xcb37f4304de8d1ca2df2474c6e3a00ab3e720462:0x128c 
0xcb37f4304de8d1ca2df2474c6e3a00ab3e720462:0x128d 
0xcb37f4304de8d1ca2df2474c6e3a00ab3e720462:0x128e 
0xcb37f4304de8d1ca2df2474c6e3a00ab3e720462:0x128f 
0xcb37f4304de8d1ca2df2474c6e3a00ab3e720462:0x1290 
0xcb37f4304de8d1ca2df2474c6e3a00ab3e720462:0x1291 
0xcb37f4304de8d1ca2df2474c6e3a00ab3e720462:0x1294 
0xcb37f4304de8d1ca2df2474c6e3a00ab3e720462:0x1295 
0xcb37f4304de8d1ca2df2474c6e3a00ab3e720462:0x12b6 
0xcb37f4304de8d1ca2df2474c6e3a00ab3e720462:0x12b7 
0xcb37f4304de8d1ca2df2474c6e3a00ab3e720462:0x12b8 
0xcb37f4304de8d1ca2df2474c6e3a00ab3e720462:0x12b9 
0xcb37f4304de8d1ca2df2474c6e3a00ab3e720462:0x12ba 
0xcb37f4304de8d1ca2df2474c6e3a00ab3e720462:0x12bb 
0xcb37f4304de8d1ca2df2474c6e3a00ab3e720462:0x12be 
0xcb37f4304de8d1ca2df2474c6e3a00ab3e720462:0x12dd 
0xcb37f4304de8d1ca2df2474c6e3a00ab3e720462:0x12de 
0xcb37f4304de8d1ca2df2474c6e3a00ab3e720462:0x12df 
0xcb37f4304de8d1ca2df2474c6e3a00ab3e720462:0x12e0 
0xcb37f4304de8d1ca2df2474c6e3a00ab3e720462:0x12e1 
0xcb37f4304de8d1ca2df2474c6e3a00ab3e720462:0x12e2 
0xcb37f4304de8d1ca2df2474c6e3a00ab3e720462:0xa11 
0xcb37f4304de8d1ca2df2474c6e3a00ab3e720462:0xa12 
0xcb37f4304de8d1ca2df2474c6e3a00ab3e720462:0xa13 
0xcb37f4304de8d1ca2df2474c6e3a00ab3e720462:0xa14 
0xcb37f4304de8d1ca2df2474c6e3a00ab3e720462:0xa15 
0xcb37f4304de8d1ca2df2474c6e3a00ab3e720462:0xa16 
0xcb37f4304de8d1ca2df2474c6e3a00ab3e720462:0xa17 
0xcb37f4304de8d1ca2df2474c6e3a00ab3e720462:0xa18 
0xcb37f4304de8d1ca2df2474c6e3a00ab3e720462:0xa19 
0xcb37f4304de8d1ca2df2474c6e3a00ab3e720462:0x3bd 
0xcb37f4304de8d1ca2df2474c6e3a00ab3e720462:0x3be 
0xcb37f4304de8d1ca2df2474c6e3a00ab3e720462:0x3bf 
0xcb37f4304de8d1ca2df2474c6e3a00ab3e720462:0x3c2 
0xcb37f4304de8d1ca2df2474c6e3a00ab3e720462:0x3cb 
0xcb37f4304de8d1ca2df2474c6e3a00ab3e720462:0x3cc 
0xcb37f4304de8d1ca2df2474c6e3a00ab3e720462:0x3cf 
0xcb37f4304de8d1ca2df2474c6e3a00ab3e720462:0x3d0 
0xcb37f4304de8d1ca2df2474c6e3a00ab3e720462:0x3d2 
0xcb37f4304de8d1ca2df2474c6e3a00ab3e720462:0x3d3 
0xcb37f4304de8d1ca2df2474c6e3a00ab3e720462:0x3d4 
0xcb37f4304de8d1ca2df2474c6e3a00ab3e720462:0x3d6 
0xcb37f4304de8d1ca2df2474c6e3a00ab3e720462:0x3d7 
0xcb37f4304de8d1ca2df2474c6e3a00ab3e720462:0x3d9 
0xcb37f4304de8d1ca2df2474c6e3a00ab3e720462:0x3da 
0xcb37f4304de8d1ca2df2474c6e3a00ab3e720462:0x3db 
0xcb37f4304de8d1ca2df2474c6e3a00ab3e720462:0x3dd 
0xcb37f4304de8d1ca2df2474c6e3a00ab3e720462:0x3de 
0xcb37f4304de8d1ca2df2474c6e3a00ab3e720462:0x3df 
0xcb37f4304de8d1ca2df2474c6e3a00ab3e720462:0x3e1 
0xcb37f4304de8d1ca2df2474c6e3a00ab3e720462:0x3e2 
0xcb37f4304de8d1ca2df2474c6e3a00ab3e720462:0x403 
0xcb37f4304de8d1ca2df2474c6e3a00ab3e720462:0x404 
0xcb37f4304de8d1ca2df2474c6e3a00ab3e720462:0x405 
0xcb37f4304de8d1ca2df2474c6e3a00ab3e720462:0x406 
0xcb37f4304de8d1ca2df2474c6e3a00ab3e720462:0x409 
0xcb37f4304de8d1ca2df2474c6e3a00ab3e720462:0xa04 
0xcb37f4304de8d1ca2df2474c6e3a00ab3e720462:0xa05 
0xcb37f4304de8d1ca2df2474c6e3a00ab3e720462:0xa07 
0xcb37f4304de8d1ca2df2474c6e3a00ab3e720462:0xa08 
0xcb37f4304de8d1ca2df2474c6e3a00ab3e720462:0xa0b 
0xcb37f4304de8d1ca2df2474c6e3a00ab3e720462:0xa0c 
0xcb37f4304de8d1ca2df2474c6e3a00ab3e720462:0xa0d 
0xcb37f4304de8d1ca2df2474c6e3a00ab3e720462:0xa10 
0xcb37f4304de8d1ca2df2474c6e3a00ab3e720462:0x1107 
0xcb37f4304de8d1ca2df2474c6e3a00ab3e720462:0x1108 
0xcb37f4304de8d1ca2df2474c6e3a00ab3e720462:0x110a 
0xcb37f4304de8d1ca2df2474c6e3a00ab3e720462:0x110b 
0xcb37f4304de8d1ca2df2474c6e3a00ab3e720462:0x110c 
0xcb37f4304de8d1ca2df2474c6e3a00ab3e720462:0x110d 
0xcb37f4304de8d1ca2df2474c6e3a00ab3e720462:0x110e 
0xcb37f4304de8d1ca2df2474c6e3a00ab3e720462:0x1110 
0xcb37f4304de8d1ca2df2474c6e3a00ab3e720462:0x1111 
0xcb37f4304de8d1ca2df2474c6e3a00ab3e720462:0x1112 
0xcb37f4304de8d1ca2df2474c6e3a00ab3e720462:0x1113 
0xcb37f4304de8d1ca2df2474c6e3a00ab3e720462:0x1115 
0xcb37f4304de8d1ca2df2474c6e3a00ab3e720462:0x1116 
0xcb37f4304de8d1ca2df2474c6e3a00ab3e720462:0x1117 
0xcb37f4304de8d1ca2df2474c6e3a00ab3e720462:0x1118 
0xcb37f4304de8d1ca2df2474c6e3a00ab3e720462:0x1119 
0xcb37f4304de8d1ca2df2474c6e3a00ab3e720462:0x111a 
0xcb37f4304de8d1ca2df2474c6e3a00ab3e720462:0x111b 
0xcb37f4304de8d1ca2df2474c6e3a00ab3e720462:0x111c 
0xcb37f4304de8d1ca2df2474c6e3a00ab3e720462:0x111d 
0xcb37f4304de8d1ca2df2474c6e3a00ab3e720462:0x111e 
0xcb37f4304de8d1ca2df2474c6e3a00ab3e720462:0x1121 
0xcb37f4304de8d1ca2df2474c6e3a00ab3e720462:0x1126 
0xcb37f4304de8d1ca2df2474c6e3a00ab3e720462:0x1127 
0xcb37f4304de8d1ca2df2474c6e3a00ab3e720462:0x1129 
0xcb37f4304de8d1ca2df2474c6e3a00ab3e720462:0x112a 
0xcb37f4304de8d1ca2df2474c6e3a00ab3e720462:0x112b 
0xcb37f4304de8d1ca2df2474c6e3a00ab3e720462:0x112c 
0xcb37f4304de8d1ca2df2474c6e3a00ab3e720462:0x112d 
0xcb37f4304de8d1ca2df2474c6e3a00ab3e720462:0x112e 
0xcb37f4304de8d1ca2df2474c6e3a00ab3e720462:0x1131 
0xcb37f4304de8d1ca2df2474c6e3a00ab3e720462:0x1289 
0xcb37f4304de8d1ca2df2474c6e3a00ab3e720462:0x128a 
0xcb37f4304de8d1ca2df2474c6e3a00ab3e720462:0x128b 
0xcb37f4304de8d1ca2df2474c6e3a00ab3e720462:0x128c 
0xcb37f4304de8d1ca2df2474c6e3a00ab3e720462:0x128d 
0xcb37f4304de8d1ca2df2474c6e3a00ab3e720462:0x128e 
0xcb37f4304de8d1ca2df2474c6e3a00ab3e720462:0x128f 
0xcb37f4304de8d1ca2df2474c6e3a00ab3e720462:0x1290 
0xcb37f4304de8d1ca2df2474c6e3a00ab3e720462:0x1291 
0xcb37f4304de8d1ca2df2474c6e3a00ab3e720462:0x1294 
0xcb37f4304de8d1ca2df2474c6e3a00ab3e720462:0x1295 
0xcb37f4304de8d1ca2df2474c6e3a00ab3e720462:0x12b6 
0xcb37f4304de8d1ca2df2474c6e3a00ab3e720462:0x12b7 
0xcb37f4304de8d1ca2df2474c6e3a00ab3e720462:0x12b8 
0xcb37f4304de8d1ca2df2474c6e3a00ab3e720462:0x12b9 
0xcb37f4304de8d1ca2df2474c6e3a00ab3e720462:0x12ba 
0xcb37f4304de8d1ca2df2474c6e3a00ab3e720462:0x12bb 
0xcb37f4304de8d1ca2df2474c6e3a00ab3e720462:0x12be 
0xcb37f4304de8d1ca2df2474c6e3a00ab3e720462:0x12dd 
0xcb37f4304de8d1ca2df2474c6e3a00ab3e720462:0x12de 
0xcb37f4304de8d1ca2df2474c6e3a00ab3e720462:0x12df 
0xcb37f4304de8d1ca2df2474c6e3a00ab3e720462:0x12e0 
0xcb37f4304de8d1ca2df2474c6e3a00ab3e720462:0x12e1 
0xcb37f4304de8d1ca2df2474c6e3a00ab3e720462:0x12e2 
0xcb37f4304de8d1ca2df2474c6e3a00ab3e720462:0xa11 
0xcb37f4304de8d1ca2df2474c6e3a00ab3e720462:0xa12 
0xcb37f4304de8d1ca2df2474c6e3a00ab3e720462:0xa13 
0xcb37f4304de8d1ca2df2474c6e3a00ab3e720462:0xa14 
0xcb37f4304de8d1ca2df2474c6e3a00ab3e720462:0xa15 
0xcb37f4304de8d1ca2df2474c6e3a00ab3e720462:0xa16 
0xcb37f4304de8d1ca2df2474c6e3a00ab3e720462:0xa17 
0xcb37f4304de8d1ca2df2474c6e3a00ab3e720462:0xa18 
0xcb37f4304de8d1ca2df2474c6e3a00ab3e720462:0xa19 
0xcb37f4304de8d1ca2df2474c6e3a00ab3e720462:0x40a 
0xcb37f4304de8d1ca2df2474c6e3a00ab3e720462:0x40b 
0xcb37f4304de8d1ca2df2474c6e3a00ab3e720462:0x40c 
0xcb37f4304de8d1ca2df2474c6e3a00ab3e720462:0x40f 
0xcb37f4304de8d1ca2df2474c6e3a00ab3e720462:0x418 
0xcb37f4304de8d1ca2df2474c6e3a00ab3e720462:0x419 
0xcb37f4304de8d1ca2df2474c6e3a00ab3e720462:0x41b 
0xcb37f4304de8d1ca2df2474c6e3a00ab3e720462:0x41c 
0xcb37f4304de8d1ca2df2474c6e3a00ab3e720462:0x41d 
0xcb37f4304de8d1ca2df2474c6e3a00ab3e720462:0x41e 
0xcb37f4304de8d1ca2df2474c6e3a00ab3e720462:0x41f 
0xcb37f4304de8d1ca2df2474c6e3a00ab3e720462:0x420 
0xcb37f4304de8d1ca2df2474c6e3a00ab3e720462:0x422 
0xcb37f4304de8d1ca2df2474c6e3a00ab3e720462:0x424 
0xcb37f4304de8d1ca2df2474c6e3a00ab3e720462:0x426 
0xcb37f4304de8d1ca2df2474c6e3a00ab3e720462:0x427 
0xcb37f4304de8d1ca2df2474c6e3a00ab3e720462:0x43c 
0xcb37f4304de8d1ca2df2474c6e3a00ab3e720462:0x43d 
0xcb37f4304de8d1ca2df2474c6e3a00ab3e720462:0x452 
0xcb37f4304de8d1ca2df2474c6e3a00ab3e720462:0x453 
0xcb37f4304de8d1ca2df2474c6e3a00ab3e720462:0x454 
0xcb37f4304de8d1ca2df2474c6e3a00ab3e720462:0x455 
0xcb37f4304de8d1ca2df2474c6e3a00ab3e720462:0x457 
0xcb37f4304de8d1ca2df2474c6e3a00ab3e720462:0x458 
0xcb37f4304de8d1ca2df2474c6e3a00ab3e720462:0x459 
0xcb37f4304de8d1ca2df2474c6e3a00ab3e720462:0x45a 
0xcb37f4304de8d1ca2df2474c6e3a00ab3e720462:0x45b 
0xcb37f4304de8d1ca2df2474c6e3a00ab3e720462:0x45d 
0xcb37f4304de8d1ca2df2474c6e3a00ab3e720462:0x45e 
0xcb37f4304de8d1ca2df2474c6e3a00ab3e720462:0x460 
0xcb37f4304de8d1ca2df2474c6e3a00ab3e720462:0x461 
0xcb37f4304de8d1ca2df2474c6e3a00ab3e720462:0x463 
0xcb37f4304de8d1ca2df2474c6e3a00ab3e720462:0x466 
0xcb37f4304de8d1ca2df2474c6e3a00ab3e720462:0x467 
0xcb37f4304de8d1ca2df2474c6e3a00ab3e720462:0x468 
0xcb37f4304de8d1ca2df2474c6e3a00ab3e720462:0x469 
0xcb37f4304de8d1ca2df2474c6e3a00ab3e720462:0x46a 
0xcb37f4304de8d1ca2df2474c6e3a00ab3e720462:0x46c 
0xcb37f4304de8d1ca2df2474c6e3a00ab3e720462:0x46d 
0xcb37f4304de8d1ca2df2474c6e3a00ab3e720462:0x46e 
0xcb37f4304de8d1ca2df2474c6e3a00ab3e720462:0x46f 
0xcb37f4304de8d1ca2df2474c6e3a00ab3e720462:0x470 
0xcb37f4304de8d1ca2df2474c6e3a00ab3e720462:0x471 
0xcb37f4304de8d1ca2df2474c6e3a00ab3e720462:0x472 
0xcb37f4304de8d1ca2df2474c6e3a00ab3e720462:0x473 
0xcb37f4304de8d1ca2df2474c6e3a00ab3e720462:0x474 
0xcb37f4304de8d1ca2df2474c6e3a00ab3e720462:0x475 
0xcb37f4304de8d1ca2df2474c6e3a00ab3e720462:0x476 
0xcb37f4304de8d1ca2df2474c6e3a00ab3e720462:0x477 
0xcb37f4304de8d1ca2df2474c6e3a00ab3e720462:0x478 
0xcb37f4304de8d1ca2df2474c6e3a00ab3e720462:0x47b 
0xcb37f4304de8d1ca2df2474c6e3a00ab3e720462:0x47c 
0xcb37f4304de8d1ca2df2474c6e3a00ab3e720462:0x47e 
0xcb37f4304de8d1ca2df2474c6e3a00ab3e720462:0x47f 
0xcb37f4304de8d1ca2df2474c6e3a00ab3e720462:0x482 
0xcb37f4304de8d1ca2df2474c6e3a00ab3e720462:0x483 
0xcb37f4304de8d1ca2df2474c6e3a00ab3e720462:0x484 
0xcb37f4304de8d1ca2df2474c6e3a00ab3e720462:0x487 
0xcb37f4304de8d1ca2df2474c6e3a00ab3e720462:0x17e6 
0xcb37f4304de8d1ca2df2474c6e3a00ab3e720462:0x17e7 
0xcb37f4304de8d1ca2df2474c6e3a00ab3e720462:0x17e9 
0xcb37f4304de8d1ca2df2474c6e3a00ab3e720462:0x17ec 
0xcb37f4304de8d1ca2df2474c6e3a00ab3e720462:0x17ed 
0xcb37f4304de8d1ca2df2474c6e3a00ab3e720462:0x17f0 
0xcb37f4304de8d1ca2df2474c6e3a00ab3e720462:0x17ad 
0xcb37f4304de8d1ca2df2474c6e3a00ab3e720462:0x17ae 
0xcb37f4304de8d1ca2df2474c6e3a00ab3e720462:0x17b0 
0xcb37f4304de8d1ca2df2474c6e3a00ab3e720462:0x17b1 
0xcb37f4304de8d1ca2df2474c6e3a00ab3e720462:0x17b2 
0xcb37f4304de8d1ca2df2474c6e3a00ab3e720462:0x17b3 
0xcb37f4304de8d1ca2df2474c6e3a00ab3e720462:0x17b4 
0xcb37f4304de8d1ca2df2474c6e3a00ab3e720462:0x17b5 
0xcb37f4304de8d1ca2df2474c6e3a00ab3e720462:0x17b6 
0xcb37f4304de8d1ca2df2474c6e3a00ab3e720462:0x17f1 
0xcb37f4304de8d1ca2df2474c6e3a00ab3e720462:0x17f2 
0xcb37f4304de8d1ca2df2474c6e3a00ab3e720462:0x17f3 
0xcb37f4304de8d1ca2df2474c6e3a00ab3e720462:0x17f4 
0xcb37f4304de8d1ca2df2474c6e3a00ab3e720462:0x17f7 
0xcb37f4304de8d1ca2df2474c6e3a00ab3e720462:0x17f8 
0xcb37f4304de8d1ca2df2474c6e3a00ab3e720462:0x17fb 
0xcb37f4304de8d1ca2df2474c6e3a00ab3e720462:0x17ad 
0xcb37f4304de8d1ca2df2474c6e3a00ab3e720462:0x17ae 
0xcb37f4304de8d1ca2df2474c6e3a00ab3e720462:0x17b0 
0xcb37f4304de8d1ca2df2474c6e3a00ab3e720462:0x17b1 
0xcb37f4304de8d1ca2df2474c6e3a00ab3e720462:0x17b2 
0xcb37f4304de8d1ca2df2474c6e3a00ab3e720462:0x17b3 
0xcb37f4304de8d1ca2df2474c6e3a00ab3e720462:0x17b4 
0xcb37f4304de8d1ca2df2474c6e3a00ab3e720462:0x17b5 
0xcb37f4304de8d1ca2df2474c6e3a00ab3e720462:0x17b6 
0xcb37f4304de8d1ca2df2474c6e3a00ab3e720462:0x17fc 
0xcb37f4304de8d1ca2df2474c6e3a00ab3e720462:0x17fd 
0xcb37f4304de8d1ca2df2474c6e3a00ab3e720462:0x17fe 
0xcb37f4304de8d1ca2df2474c6e3a00ab3e720462:0x17ff 
0xcb37f4304de8d1ca2df2474c6e3a00ab3e720462:0x1800 
0xcb37f4304de8d1ca2df2474c6e3a00ab3e720462:0x1821 
0xcb37f4304de8d1ca2df2474c6e3a00ab3e720462:0x1822 
0xcb37f4304de8d1ca2df2474c6e3a00ab3e720462:0x1823 
0xcb37f4304de8d1ca2df2474c6e3a00ab3e720462:0x1824 
0xcb37f4304de8d1ca2df2474c6e3a00ab3e720462:0x1825 
0xcb37f4304de8d1ca2df2474c6e3a00ab3e720462:0x1826 
0xcb37f4304de8d1ca2df2474c6e3a00ab3e720462:0x1827 
0xcb37f4304de8d1ca2df2474c6e3a00ab3e720462:0x1828 
0xcb37f4304de8d1ca2df2474c6e3a00ab3e720462:0x1829 
0xcb37f4304de8d1ca2df2474c6e3a00ab3e720462:0x182c 
0xcb37f4304de8d1ca2df2474c6e3a00ab3e720462:0x1835 
0xcb37f4304de8d1ca2df2474c6e3a00ab3e720462:0x1836 
0xcb37f4304de8d1ca2df2474c6e3a00ab3e720462:0x1837 
0xcb37f4304de8d1ca2df2474c6e3a00ab3e720462:0x1838 
0xcb37f4304de8d1ca2df2474c6e3a00ab3e720462:0x1839 
0xcb37f4304de8d1ca2df2474c6e3a00ab3e720462:0x183a 
0xcb37f4304de8d1ca2df2474c6e3a00ab3e720462:0x183b 
0xcb37f4304de8d1ca2df2474c6e3a00ab3e720462:0x183c 
0xcb37f4304de8d1ca2df2474c6e3a00ab3e720462:0x183d 
0xcb37f4304de8d1ca2df2474c6e3a00ab3e720462:0x183e 
0xcb37f4304de8d1ca2df2474c6e3a00ab3e720462:0x183f 
0xcb37f4304de8d1ca2df2474c6e3a00ab3e720462:0x488 
0xcb37f4304de8d1ca2df2474c6e3a00ab3e720462:0x489 
0xcb37f4304de8d1ca2df2474c6e3a00ab3e720462:0x48c 
0xcb37f4304de8d1ca2df2474c6e3a00ab3e720462:0xa1a 
0xcb37f4304de8d1ca2df2474c6e3a00ab3e720462:0xa1b 
0xcb37f4304de8d1ca2df2474c6e3a00ab3e720462:0xa1d 
0xcb37f4304de8d1ca2df2474c6e3a00ab3e720462:0xa1f 
0xcb37f4304de8d1ca2df2474c6e3a00ab3e720462:0xa21 
0xcb37f4304de8d1ca2df2474c6e3a00ab3e720462:0xa23 
0xcb37f4304de8d1ca2df2474c6e3a00ab3e720462:0xa24 
0xcb37f4304de8d1ca2df2474c6e3a00ab3e720462:0xa39 
0xcb37f4304de8d1ca2df2474c6e3a00ab3e720462:0xa3a 
0xcb37f4304de8d1ca2df2474c6e3a00ab3e720462:0xa4f 
0xcb37f4304de8d1ca2df2474c6e3a00ab3e720462:0xa50 
0xcb37f4304de8d1ca2df2474c6e3a00ab3e720462:0xa51 
0xcb37f4304de8d1ca2df2474c6e3a00ab3e720462:0xa52 
0xcb37f4304de8d1ca2df2474c6e3a00ab3e720462:0xa54 
0xcb37f4304de8d1ca2df2474c6e3a00ab3e720462:0xa55 
0xcb37f4304de8d1ca2df2474c6e3a00ab3e720462:0xa56 
0xcb37f4304de8d1ca2df2474c6e3a00ab3e720462:0xa57 
0xcb37f4304de8d1ca2df2474c6e3a00ab3e720462:0xa58 
0xcb37f4304de8d1ca2df2474c6e3a00ab3e720462:0xa5a 
0xcb37f4304de8d1ca2df2474c6e3a00ab3e720462:0xa5b 
0xcb37f4304de8d1ca2df2474c6e3a00ab3e720462:0xa5d 
0xcb37f4304de8d1ca2df2474c6e3a00ab3e720462:0xa5e 
0xcb37f4304de8d1ca2df2474c6e3a00ab3e720462:0xa5f 
0xcb37f4304de8d1ca2df2474c6e3a00ab3e720462:0xa60 
0xcb37f4304de8d1ca2df2474c6e3a00ab3e720462:0xa63 
0xcb37f4304de8d1ca2df2474c6e3a00ab3e720462:0xa64 
0xcb37f4304de8d1ca2df2474c6e3a00ab3e720462:0xa65 
0xcb37f4304de8d1ca2df2474c6e3a00ab3e720462:0xa68 
0xcb37f4304de8d1ca2df2474c6e3a00ab3e720462:0x2a65 
0xcb37f4304de8d1ca2df2474c6e3a00ab3e720462:0x2a66 
0xcb37f4304de8d1ca2df2474c6e3a00ab3e720462:0x2a68 
0xcb37f4304de8d1ca2df2474c6e3a00ab3e720462:0x2a6b 
0xcb37f4304de8d1ca2df2474c6e3a00ab3e720462:0x2a6c 
0xcb37f4304de8d1ca2df2474c6e3a00ab3e720462:0x2a6f 
0xcb37f4304de8d1ca2df2474c6e3a00ab3e720462:0x17ad 
0xcb37f4304de8d1ca2df2474c6e3a00ab3e720462:0x17ae 
0xcb37f4304de8d1ca2df2474c6e3a00ab3e720462:0x17b0 
0xcb37f4304de8d1ca2df2474c6e3a00ab3e720462:0x17b1 
0xcb37f4304de8d1ca2df2474c6e3a00ab3e720462:0x17b2 
0xcb37f4304de8d1ca2df2474c6e3a00ab3e720462:0x17b3 
0xcb37f4304de8d1ca2df2474c6e3a00ab3e720462:0x17b4 
0xcb37f4304de8d1ca2df2474c6e3a00ab3e720462:0x17b5 
0xcb37f4304de8d1ca2df2474c6e3a00ab3e720462:0x17b6 
0xcb37f4304de8d1ca2df2474c6e3a00ab3e720462:0x2a70 
0xcb37f4304de8d1ca2df2474c6e3a00ab3e720462:0x2a71 
0xcb37f4304de8d1ca2df2474c6e3a00ab3e720462:0x2a72 
0xcb37f4304de8d1ca2df2474c6e3a00ab3e720462:0x2a73 
0xcb37f4304de8d1ca2df2474c6e3a00ab3e720462:0x2a76 
0xcb37f4304de8d1ca2df2474c6e3a00ab3e720462:0x2a77 
0xcb37f4304de8d1ca2df2474c6e3a00ab3e720462:0x2a7a 
0xcb37f4304de8d1ca2df2474c6e3a00ab3e720462:0x17ad 
0xcb37f4304de8d1ca2df2474c6e3a00ab3e720462:0x17ae 
0xcb37f4304de8d1ca2df2474c6e3a00ab3e720462:0x17b0 
0xcb37f4304de8d1ca2df2474c6e3a00ab3e720462:0x17b1 
0xcb37f4304de8d1ca2df2474c6e3a00ab3e720462:0x17b2 
0xcb37f4304de8d1ca2df2474c6e3a00ab3e720462:0x17b3 
0xcb37f4304de8d1ca2df2474c6e3a00ab3e720462:0x17b4 
0xcb37f4304de8d1ca2df2474c6e3a00ab3e720462:0x17b5 
0xcb37f4304de8d1ca2df2474c6e3a00ab3e720462:0x17b6 
0xcb37f4304de8d1ca2df2474c6e3a00ab3e720462:0x2a7b 
0xcb37f4304de8d1ca2df2474c6e3a00ab3e720462:0x2a7c 
0xcb37f4304de8d1ca2df2474c6e3a00ab3e720462:0x2a7d 
0xcb37f4304de8d1ca2df2474c6e3a00ab3e720462:0x2a7e 
0xcb37f4304de8d1ca2df2474c6e3a00ab3e720462:0x2a7f 
0xcb37f4304de8d1ca2df2474c6e3a00ab3e720462:0x2a80 
0xcb37f4304de8d1ca2df2474c6e3a00ab3e720462:0x2a81 
0xcb37f4304de8d1ca2df2474c6e3a00ab3e720462:0x2a82 
0xcb37f4304de8d1ca2df2474c6e3a00ab3e720462:0x2a85 
0xcb37f4304de8d1ca2df2474c6e3a00ab3e720462:0x2a8e 
0xcb37f4304de8d1ca2df2474c6e3a00ab3e720462:0x2a8f 
0xcb37f4304de8d1ca2df2474c6e3a00ab3e720462:0x2a90 
0xcb37f4304de8d1ca2df2474c6e3a00ab3e720462:0x2a91 
0xcb37f4304de8d1ca2df2474c6e3a00ab3e720462:0x2a92 
0xcb37f4304de8d1ca2df2474c6e3a00ab3e720462:0x2a93 
0xcb37f4304de8d1ca2df2474c6e3a00ab3e720462:0x2a94 
0xcb37f4304de8d1ca2df2474c6e3a00ab3e720462:0x2a95 
0xcb37f4304de8d1ca2df2474c6e3a00ab3e720462:0x2a96 
0xcb37f4304de8d1ca2df2474c6e3a00ab3e720462:0x2a97 
0xcb37f4304de8d1ca2df2474c6e3a00ab3e720462:0x2a98 
0xcb37f4304de8d1ca2df2474c6e3a00ab3e720462:0xa69 
0xcb37f4304de8d1ca2df2474c6e3a00ab3e720462:0xa6a 
0xcb37f4304de8d1ca2df2474c6e3a00ab3e720462:0xa6b 
0xcb37f4304de8d1ca2df2474c6e3a00ab3e720462:0xa6e 
0xcb37f4304de8d1ca2df2474c6e3a00ab3e720462:0xf56 
0xcb37f4304de8d1ca2df2474c6e3a00ab3e720462:0xf57 
0xcb37f4304de8d1ca2df2474c6e3a00ab3e720462:0xf59 
0xcb37f4304de8d1ca2df2474c6e3a00ab3e720462:0xf5a 
0xcb37f4304de8d1ca2df2474c6e3a00ab3e720462:0xf5b 
0xcb37f4304de8d1ca2df2474c6e3a00ab3e720462:0xf5c 
0xcb37f4304de8d1ca2df2474c6e3a00ab3e720462:0xf5d 
0xcb37f4304de8d1ca2df2474c6e3a00ab3e720462:0xf5e 
0xcb37f4304de8d1ca2df2474c6e3a00ab3e720462:0xf5f 
0xcb37f4304de8d1ca2df2474c6e3a00ab3e720462:0xf60 
0xcb37f4304de8d1ca2df2474c6e3a00ab3e720462:0x48d 
0xcb37f4304de8d1ca2df2474c6e3a00ab3e720462:0x48e 
0xcb37f4304de8d1ca2df2474c6e3a00ab3e720462:0x48f 
0xcb37f4304de8d1ca2df2474c6e3a00ab3e720462:0x490 
0xcb37f4304de8d1ca2df2474c6e3a00ab3e720462:0x491 
0xcb37f4304de8d1ca2df2474c6e3a00ab3e720462:0x492 
0xcb37f4304de8d1ca2df2474c6e3a00ab3e720462:0x493 
0xcb37f4304de8d1ca2df2474c6e3a00ab3e720462:0x494 
0xcb37f4304de8d1ca2df2474c6e3a00ab3e720462:0xa6 
0xcb37f4304de8d1ca2df2474c6e3a00ab3e720462:0xa7 
