---
0xcb37f4304de8d1ca2df2474c6e3a00ab3e720462:0x0 *
0xcb37f4304de8d1ca2df2474c6e3a00ab3e720462:0x2 *
0xcb37f4304de8d1ca2df2474c6e3a00ab3e720462:0x4 *
0xcb37f4304de8d1ca2df2474c6e3a00ab3e720462:0x5 *
0xcb37f4304de8d1ca2df2474c6e3a00ab3e720462:0x6 *
0xcb37f4304de8d1ca2df2474c6e3a00ab3e720462:0x7 *
0xcb37f4304de8d1ca2df2474c6e3a00ab3e720462:0x8 *
0xcb37f4304de8d1ca2df2474c6e3a00ab3e720462:0xb *
0xcb37f4304de8d1ca2df2474c6e3a00ab3e720462:0x10 *
0xcb37f4304de8d1ca2df2474c6e3a00ab3e720462:0x11 *
0xcb37f4304de8d1ca2df2474c6e3a00ab3e720462:0x12 *
0xcb37f4304de8d1ca2df2474c6e3a00ab3e720462:0x15 *
0xcb37f4304de8d1ca2df2474c6e3a00ab3e720462:0x16 *
0xcb37f4304de8d1ca2df2474c6e3a00ab3e720462:0x19 *
0xcb37f4304de8d1ca2df2474c6e3a00ab3e720462:0x1b *
0xcb37f4304de8d1ca2df2474c6e3a00ab3e720462:0x1c *
0xcb37f4304de8d1ca2df2474c6e3a00ab3e720462:0x1e *
---
0xcb37f4304de8d1ca2df2474c6e3a00ab3e720462:0x0 
0xcb37f4304de8d1ca2df2474c6e3a00ab3e720462:0x2 
0xcb37f4304de8d1ca2df2474c6e3a00ab3e720462:0x4 
0xcb37f4304de8d1ca2df2474c6e3a00ab3e720462:0x5 
0xcb37f4304de8d1ca2df2474c6e3a00ab3e720462:0x6 
0xcb37f4304de8d1ca2df2474c6e3a00ab3e720462:0x7 
0xcb37f4304de8d1ca2df2474c6e3a00ab3e720462:0x8 
0xcb37f4304de8d1ca2df2474c6e3a00ab3e720462:0xb 
0xcb37f4304de8d1ca2df2474c6e3a00ab3e720462:0x10 
0xcb37f4304de8d1ca2df2474c6e3a00ab3e720462:0x11 
0xcb37f4304de8d1ca2df2474c6e3a00ab3e720462:0x12 
0xcb37f4304de8d1ca2df2474c6e3a00ab3e720462:0x14 
0xcb37f4304de8d1ca2df2474c6e3a00ab3e720462:0x15 
0xcb37f4304de8d1ca2df2474c6e3a00ab3e720462:0x16 
0xcb37f4304de8d1ca2df2474c6e3a00ab3e720462:0x19 
0xcb37f4304de8d1ca2df2474c6e3a00ab3e720462:0x1a 
0xcb37f4304de8d1ca2df2474c6e3a00ab3e720462:0x1c 
0xcb37f4304de8d1ca2df2474c6e3a00ab3e720462:0x1d 
0xcb37f4304de8d1ca2df2474c6e3a00ab3e720462:0x1f 
0xcb37f4304de8d1ca2df2474c6e3a00ab3e720462:0x20 
0xcb37f4304de8d1ca2df2474c6e3a00ab3e720462:0x21 
0xcb37f4304de8d1ca2df2474c6e3a00ab3e720462:0x26 
0xcb37f4304de8d1ca2df2474c6e3a00ab3e720462:0x27 
0xcb37f4304de8d1ca2df2474c6e3a00ab3e720462:0x2a 
0xcb37f4304de8d1ca2df2474c6e3a00ab3e720462:0x2b 
0xcb37f4304de8d1ca2df2474c6e3a00ab3e720462:0x2c 
0xcb37f4304de8d1ca2df2474c6e3a00ab3e720462:0x31 
0xcb37f4304de8d1ca2df2474c6e3a00ab3e720462:0x32 
0xcb37f4304de8d1ca2df2474c6e3a00ab3e720462:0x35 
0xcb37f4304de8d1ca2df2474c6e3a00ab3e720462:0x36 
0xcb37f4304de8d1ca2df2474c6e3a00ab3e720462:0x37 
0xcb37f4304de8d1ca2df2474c6e3a00ab3e720462:0x3c 
0xcb37f4304de8d1ca2df2474c6e3a00ab3e720462:0x3d 
0xcb37f4304de8d1ca2df2474c6e3a00ab3e720462:0x40 
0xcb37f4304de8d1ca2df2474c6e3a00ab3e720462:0xa8 
0xcb37f4304de8d1ca2df2474c6e3a00ab3e720462:0xa9 
0xcb37f4304de8d1ca2df2474c6e3a00ab3e720462:0xac 
0xcb37f4304de8d1ca2df2474c6e3a00ab3e720462:0xae 
0xcb37f4304de8d1ca2df2474c6e3a00ab3e720462:0xaf 
0xcb37f4304de8d1ca2df2474c6e3a00ab3e720462:0xb0 
0xcb37f4304de8d1ca2df2474c6e3a00ab3e720462:0xb1 
0xcb37f4304de8d1ca2df2474c6e3a00ab3e720462:0xb2 
0xcb37f4304de8d1ca2df2474c6e3a00ab3e720462:0xb3 
0xcb37f4304de8d1ca2df2474c6e3a00ab3e720462:0xb4 
0xcb37f4304de8d1ca2df2474c6e3a00ab3e720462:0xb7 
0xcb37f4304de8d1ca2df2474c6e3a00ab3e720462:0xb8 
0xcb37f4304de8d1ca2df2474c6e3a00ab3e720462:0xb9 
0xcb37f4304de8d1ca2df2474c6e3a00ab3e720462:0xbc 
0xcb37f4304de8d1ca2df2474c6e3a00ab3e720462:0x14bc 
0xcb37f4304de8d1ca2df2474c6e3a00ab3e720462:0x14bd 
0xcb37f4304de8d1ca2df2474c6e3a00ab3e720462:0x14bf 
0xcb37f4304de8d1ca2df2474c6e3a00ab3e720462:0x14c1 
0xcb37f4304de8d1ca2df2474c6e3a00ab3e720462:0x14c2 
0xcb37f4304de8d1ca2df2474c6e3a00ab3e720462:0x14c3 
0xcb37f4304de8d1ca2df2474c6e3a00ab3e720462:0x14c4 
0xcb37f4304de8d1ca2df2474c6e3a00ab3e720462:0x14c5 
0xcb37f4304de8d1ca2df2474c6e3a00ab3e720462:0x14c6 
0xcb37f4304de8d1ca2df2474c6e3a00ab3e720462:0x14c9 
0xcb37f4304de8d1ca2df2474c6e3a00ab3e720462:0x14d2 
0xcb37f4304de8d1ca2df2474c6e3a00ab3e720462:0x14d3 
0xcb37f4304de8d1ca2df2474c6e3a00ab3e720462:0x14d5 
0xcb37f4304de8d1ca2df2474c6e3a00ab3e720462:0x14d8 
0xcb37f4304de8d1ca2df2474c6e3a00ab3e720462:0x14d9 
0xcb37f4304de8d1ca2df2474c6e3a00ab3e720462:0x14da 
0xcb37f4304de8d1ca2df2474c6e3a00ab3e720462:0x14db 
0xcb37f4304de8d1ca2df2474c6e3a00ab3e720462:0x14dc 
0xcb37f4304de8d1ca2df2474c6e3a00ab3e720462:0x14df 
0xcb37f4304de8d1ca2df2474c6e3a00ab3e720462:0x1404 
0xcb37f4304de8d1ca2df2474c6e3a00ab3e720462:0x1405 
0xcb37f4304de8d1ca2df2474c6e3a00ab3e720462:0x1407 
0xcb37f4304de8d1ca2df2474c6e3a00ab3e720462:0x1408 
0xcb37f4304de8d1ca2df2474c6e3a00ab3e720462:0x1409 
0xcb37f4304de8d1ca2df2474c6e3a00ab3e720462:0x140a 
0xcb37f4304de8d1ca2df2474c6e3a00ab3e720462:0x140b 
0xcb37f4304de8d1ca2df2474c6e3a00ab3e720462:0x140e 
0xcb37f4304de8d1ca2df2474c6e3a00ab3e720462:0x140f 
0xcb37f4304de8d1ca2df2474c6e3a00ab3e720462:0x1412 
0xcb37f4304de8d1ca2df2474c6e3a00ab3e720462:0x13ed 
0xcb37f4304de8d1ca2df2474c6e3a00ab3e720462:0x13ee 
0xcb37f4304de8d1ca2df2474c6e3a00ab3e720462:0x13f1 
0xcb37f4304de8d1ca2df2474c6e3a00ab3e720462:0x13f2 
0xcb37f4304de8d1ca2df2474c6e3a00ab3e720462:0x13f5 
0xcb37f4304de8d1ca2df2474c6e3a00ab3e720462:0x13db 
0xcb37f4304de8d1ca2df2474c6e3a00ab3e720462:0x13dc 
0xcb37f4304de8d1ca2df2474c6e3a00ab3e720462:0x13de 
0xcb37f4304de8d1ca2df2474c6e3a00ab3e720462:0x13e1 
0xcb37f4304de8d1ca2df2474c6e3a00ab3e720462:0x13e2 
0xcb37f4304de8d1ca2df2474c6e3a00ab3e720462:0x13e5 
0xcb37f4304de8d1ca2df2474c6e3a00ab3e720462:0x13bb 
0xcb37f4304de8d1ca2df2474c6e3a00ab3e720462:0x13bc 
0xcb37f4304de8d1ca2df2474c6e3a00ab3e720462:0x13be 
0xcb37f4304de8d1ca2df2474c6e3a00ab3e720462:0x13d3 
0xcb37f4304de8d1ca2df2474c6e3a00ab3e720462:0x13d4 
0xcb37f4304de8d1ca2df2474c6e3a00ab3e720462:0x13d5 
0xcb37f4304de8d1ca2df2474c6e3a00ab3e720462:0x13d6 
0xcb37f4304de8d1ca2df2474c6e3a00ab3e720462:0x13d7 
0xcb37f4304de8d1ca2df2474c6e3a00ab3e720462:0x13d8 
0xcb37f4304de8d1ca2df2474c6e3a00ab3e720462:0x13d9 
0xcb37f4304de8d1ca2df2474c6e3a00ab3e720462:0x13da 
0xcb37f4304de8d1ca2df2474c6e3a00ab3e720462:0x13e6 
0xcb37f4304de8d1ca2df2474c6e3a00ab3e720462:0x13e7 
0xcb37f4304de8d1ca2df2474c6e3a00ab3e720462:0x13e8 
0xcb37f4304de8d1ca2df2474c6e3a00ab3e720462:0x13e9 
0xcb37f4304de8d1ca2df2474c6e3a00ab3e720462:0x13ea 
0xcb37f4304de8d1ca2df2474c6e3a00ab3e720462:0x13eb 
0xcb37f4304de8d1ca2df2474c6e3a00ab3e720462:0x13ec 
0xcb37f4304de8d1ca2df2474c6e3a00ab3e720462:0x13f6 
0xcb37f4304de8d1ca2df2474c6e3a00ab3e720462:0x13f7 
0xcb37f4304de8d1ca2df2474c6e3a00ab3e720462:0x13f8 
0xcb37f4304de8d1ca2df2474c6e3a00ab3e720462:0x13f9 
0xcb37f4304de8d1ca2df2474c6e3a00ab3e720462:0x13fc 
0xcb37f4304de8d1ca2df2474c6e3a00ab3e720462:0x1401 
0xcb37f4304de8d1ca2df2474c6e3a00ab3e720462:0x1402 
0xcb37f4304de8d1ca2df2474c6e3a00ab3e720462:0x1403 
0xcb37f4304de8d1ca2df2474c6e3a00ab3e720462:0x1413 
0xcb37f4304de8d1ca2df2474c6e3a00ab3e720462:0x1414 
0xcb37f4304de8d1ca2df2474c6e3a00ab3e720462:0x1415 
0xcb37f4304de8d1ca2df2474c6e3a00ab3e720462:0x1416 
0xcb37f4304de8d1ca2df2474c6e3a00ab3e720462:0x1417 
0xcb37f4304de8d1ca2df2474c6e3a00ab3e720462:0x1418 
0xcb37f4304de8d1ca2df2474c6e3a00ab3e720462:0x14e0 
0xcb37f4304de8d1ca2df2474c6e3a00ab3e720462:0x14e1 
0xcb37f4304de8d1ca2df2474c6e3a00ab3e720462:0x14e2 
0xcb37f4304de8d1ca2df2474c6e3a00ab3e720462:0x14e3 
0xcb37f4304de8d1ca2df2474c6e3a00ab3e720462:0x14e4 
0xcb37f4304de8d1ca2df2474c6e3a00ab3e720462:0x14e5 
0xcb37f4304de8d1ca2df2474c6e3a00ab3e720462:0x14e6 
0xcb37f4304de8d1ca2df2474c6e3a00ab3e720462:0x14e7 
0xcb37f4304de8d1ca2df2474c6e3a00ab3e720462:0x14e8 
0xcb37f4304de8d1ca2df2474c6e3a00ab3e720462:0xbd 
0xcb37f4304de8d1ca2df2474c6e3a00ab3e720462:0xbe 
0xcb37f4304de8d1ca2df2474c6e3a00ab3e720462:0xc1 
0xcb37f4304de8d1ca2df2474c6e3a00ab3e720462:0x495 
0xcb37f4304de8d1ca2df2474c6e3a00ab3e720462:0x496 
0xcb37f4304de8d1ca2df2474c6e3a00ab3e720462:0x498 
0xcb37f4304de8d1ca2df2474c6e3a00ab3e720462:0x49a 
0xcb37f4304de8d1ca2df2474c6e3a00ab3e720462:0x49c 
0xcb37f4304de8d1ca2df2474c6e3a00ab3e720462:0x49d 
0xcb37f4304de8d1ca2df2474c6e3a00ab3e720462:0x4b2 
0xcb37f4304de8d1ca2df2474c6e3a00ab3e720462:0x4b3 
0xcb37f4304de8d1ca2df2474c6e3a00ab3e720462:0x4c8 
0xcb37f4304de8d1ca2df2474c6e3a00ab3e720462:0x4c9 
0xcb37f4304de8d1ca2df2474c6e3a00ab3e720462:0x4ca 
0xcb37f4304de8d1ca2df2474c6e3a00ab3e720462:0x4cb 
0xcb37f4304de8d1ca2df2474c6e3a00ab3e720462:0x4cd 
0xcb37f4304de8d1ca2df2474c6e3a00ab3e720462:0x4ce 
0xcb37f4304de8d1ca2df2474c6e3a00ab3e720462:0x4cf 
0xcb37f4304de8d1ca2df2474c6e3a00ab3e720462:0x4d0 
0xcb37f4304de8d1ca2df2474c6e3a00ab3e720462:0x4d1 
0xcb37f4304de8d1ca2df2474c6e3a00ab3e720462:0x4d3 
0xcb37f4304de8d1ca2df2474c6e3a00ab3e720462:0x4d4 
0xcb37f4304de8d1ca2df2474c6e3a00ab3e720462:0x4d6 
0xcb37f4304de8d1ca2df2474c6e3a00ab3e720462:0x4d7 
0xcb37f4304de8d1ca2df2474c6e3a00ab3e720462:0x4d9 
0xcb37f4304de8d1ca2df2474c6e3a00ab3e720462:0x4da 
0xcb37f4304de8d1ca2df2474c6e3a00ab3e720462:0x4db 
0xcb37f4304de8d1ca2df2474c6e3a00ab3e720462:0x4dc 
0xcb37f4304de8d1ca2df2474c6e3a00ab3e720462:0x4df 
0xcb37f4304de8d1ca2df2474c6e3a00ab3e720462:0x4e0 
0xcb37f4304de8d1ca2df2474c6e3a00ab3e720462:0x4e1 
0xcb37f4304de8d1ca2df2474c6e3a00ab3e720462:0x4e2 
0xcb37f4304de8d1ca2df2474c6e3a00ab3e720462:0x4e4 
0xcb37f4304de8d1ca2df2474c6e3a00ab3e720462:0x4e5 
0xcb37f4304de8d1ca2df2474c6e3a00ab3e720462:0x4e6 
0xcb37f4304de8d1ca2df2474c6e3a00ab3e720462:0x4e7 
0xcb37f4304de8d1ca2df2474c6e3a00ab3e720462:0x4e8 
0xcb37f4304de8d1ca2df2474c6e3a00ab3e720462:0x4e9 
0xcb37f4304de8d1ca2df2474c6e3a00ab3e720462:0x4ea 
0xcb37f4304de8d1ca2df2474c6e3a00ab3e720462:0xc2 
0xcb37f4304de8d1ca2df2474c6e3a00ab3e720462:0xc3 
0xcb37f4304de8d1ca2df2474c6e3a00ab3e720462:0xc5 
0xcb37f4304de8d1ca2df2474c6e3a00ab3e720462:0xc6 
0xcb37f4304de8d1ca2df2474c6e3a00ab3e720462:0xc9 
0xcb37f4304de8d1ca2df2474c6e3a00ab3e720462:0xca 
0xcb37f4304de8d1ca2df2474c6e3a00ab3e720462:0xcb 
0xcb37f4304de8d1ca2df2474c6e3a00ab3e720462:0xce 
0xcb37f4304de8d1ca2df2474c6e3a00ab3e720462:0x1504 
0xcb37f4304de8d1ca2df2474c6e3a00ab3e720462:0x1505 
0xcb37f4304de8d1ca2df2474c6e3a00ab3e720462:0x1507 
0xcb37f4304de8d1ca2df2474c6e3a00ab3e720462:0x1509 
0xcb37f4304de8d1ca2df2474c6e3a00ab3e720462:0x150a 
0xcb37f4304de8d1ca2df2474c6e3a00ab3e720462:0x150b 
0xcb37f4304de8d1ca2df2474c6e3a00ab3e720462:0x150c 
0xcb37f4304de8d1ca2df2474c6e3a00ab3e720462:0x150d 
0xcb37f4304de8d1ca2df2474c6e3a00ab3e720462:0x1510 
0xcb37f4304de8d1ca2df2474c6e3a00ab3e720462:0x1512 
0xcb37f4304de8d1ca2df2474c6e3a00ab3e720462:0x1513 
0xcb37f4304de8d1ca2df2474c6e3a00ab3e720462:0x1514 
0xcb37f4304de8d1ca2df2474c6e3a00ab3e720462:0x1515 
0xcb37f4304de8d1ca2df2474c6e3a00ab3e720462:0x1518 
0xcb37f4304de8d1ca2df2474c6e3a00ab3e720462:0x14f5 
0xcb37f4304de8d1ca2df2474c6e3a00ab3e720462:0x14f6 
0xcb37f4304de8d1ca2df2474c6e3a00ab3e720462:0x14f9 
0xcb37f4304de8d1ca2df2474c6e3a00ab3e720462:0x14fa 
0xcb37f4304de8d1ca2df2474c6e3a00ab3e720462:0x14fd 
0xcb37f4304de8d1ca2df2474c6e3a00ab3e720462:0x14e9 
0xcb37f4304de8d1ca2df2474c6e3a00ab3e720462:0x14ea 
0xcb37f4304de8d1ca2df2474c6e3a00ab3e720462:0x14ec 
0xcb37f4304de8d1ca2df2474c6e3a00ab3e720462:0x14ed 
0xcb37f4304de8d1ca2df2474c6e3a00ab3e720462:0x14ee 
0xcb37f4304de8d1ca2df2474c6e3a00ab3e720462:0x14ef 
0xcb37f4304de8d1ca2df2474c6e3a00ab3e720462:0x14f0 
0xcb37f4304de8d1ca2df2474c6e3a00ab3e720462:0x14f1 
0xcb37f4304de8d1ca2df2474c6e3a00ab3e720462:0x14f2 
0xcb37f4304de8d1ca2df2474c6e3a00ab3e720462:0x14f3 
0xcb37f4304de8d1ca2df2474c6e3a00ab3e720462:0x14f4 
0xcb37f4304de8d1ca2df2474c6e3a00ab3e720462:0x14fe 
0xcb37f4304de8d1ca2df2474c6e3a00ab3e720462:0x14ff 
0xcb37f4304de8d1ca2df2474c6e3a00ab3e720462:0x1500 
0xcb37f4304de8d1ca2df2474c6e3a00ab3e720462:0x1501 
0xcb37f4304de8d1ca2df2474c6e3a00ab3e720462:0x1502 
0xcb37f4304de8d1ca2df2474c6e3a00ab3e720462:0x1503 
0xcb37f4304de8d1ca2df2474c6e3a00ab3e720462:0x1519 
0xcb37f4304de8d1ca2df2474c6e3a00ab3e720462:0x151a 
0xcb37f4304de8d1ca2df2474c6e3a00ab3e720462:0x151b 
0xcb37f4304de8d1ca2df2474c6e3a00ab3e720462:0x151c 
0xcb37f4304de8d1ca2df2474c6e3a00ab3e720462:0x151d 
0xcb37f4304de8d1ca2df2474c6e3a00ab3e720462:0x151e 
0xcb37f4304de8d1ca2df2474c6e3a00ab3e720462:0xcf 
0xcb37f4304de8d1ca2df2474c6e3a00ab3e720462:0xd0 
0xcb37f4304de8d1ca2df2474c6e3a00ab3e720462:0xd2 
0xcb37f4304de8d1ca2df2474c6e3a00ab3e720462:0xd3 
0xcb37f4304de8d1ca2df2474c6e3a00ab3e720462:0xd4 
0xcb37f4304de8d1ca2df2474c6e3a00ab3e720462:0xd5 
0xcb37f4304de8d1ca2df2474c6e3a00ab3e720462:0xd6 
0xcb37f4304de8d1ca2df2474c6e3a00ab3e720462:0xd7 
